Thu, 13 Jun 2024 12:00:28 +0200: not had something in a while so ping
Thu, 13 Jun 2024 12:00:28 +0200: ping sent
Thu, 13 Jun 2024 12:00:28 +0200: Received CMD: 13 (PINGRESP)
Thu, 13 Jun 2024 12:00:28 +0200: Fetching: 0 bytes
Thu, 13 Jun 2024 12:00:39 +0200: not had something in a while so ping
Thu, 13 Jun 2024 12:00:39 +0200: ping sent
Thu, 13 Jun 2024 12:00:39 +0200: Received CMD: 13 (PINGRESP)
Thu, 13 Jun 2024 12:00:39 +0200: Fetching: 0 bytes
Thu, 13 Jun 2024 12:00:50 +0200: not had something in a while so ping
Thu, 13 Jun 2024 12:00:50 +0200: ping sent
Thu, 13 Jun 2024 12:00:50 +0200: Received CMD: 13 (PINGRESP)
Thu, 13 Jun 2024 12:00:50 +0200: Fetching: 0 bytes
Thu, 13 Jun 2024 12:01:01 +0200: not had something in a while so ping
Thu, 13 Jun 2024 12:01:01 +0200: ping sent
Thu, 13 Jun 2024 12:01:01 +0200: Received CMD: 13 (PINGRESP)
Thu, 13 Jun 2024 12:01:01 +0200: Fetching: 0 bytes
Thu, 13 Jun 2024 12:01:12 +0200: not had something in a while so ping
Thu, 13 Jun 2024 12:01:12 +0200: ping sent
Thu, 13 Jun 2024 12:01:12 +0200: Received CMD: 13 (PINGRESP)
Thu, 13 Jun 2024 12:01:12 +0200: Fetching: 0 bytes
Thu, 13 Jun 2024 12:01:23 +0200: not had something in a while so ping
Thu, 13 Jun 2024 12:01:23 +0200: ping sent
Thu, 13 Jun 2024 12:01:23 +0200: Received CMD: 13 (PINGRESP)
Thu, 13 Jun 2024 12:01:23 +0200: Fetching: 0 bytes
Thu, 13 Jun 2024 12:01:34 +0200: not had something in a while so ping
Thu, 13 Jun 2024 12:01:34 +0200: ping sent
Thu, 13 Jun 2024 12:01:34 +0200: Received CMD: 13 (PINGRESP)
Thu, 13 Jun 2024 12:01:34 +0200: Fetching: 0 bytes
Thu, 13 Jun 2024 12:01:45 +0200: not had something in a while so ping
Thu, 13 Jun 2024 12:01:45 +0200: ping sent
Thu, 13 Jun 2024 12:01:45 +0200: Received CMD: 13 (PINGRESP)
Thu, 13 Jun 2024 12:01:45 +0200: Fetching: 0 bytes
Thu, 13 Jun 2024 12:01:56 +0200: not had something in a while so ping
Thu, 13 Jun 2024 12:01:56 +0200: ping sent
Thu, 13 Jun 2024 12:01:56 +0200: Received CMD: 13 (PINGRESP)
Thu, 13 Jun 2024 12:01:56 +0200: Fetching: 0 bytes
Thu, 13 Jun 2024 12:02:07 +0200: not had something in a while so ping
Thu, 13 Jun 2024 12:02:07 +0200: ping sent
Thu, 13 Jun 2024 12:02:07 +0200: Received CMD: 13 (PINGRESP)
Thu, 13 Jun 2024 12:02:07 +0200: Fetching: 0 bytes
Thu, 13 Jun 2024 12:02:18 +0200: not had something in a while so ping
Thu, 13 Jun 2024 12:02:18 +0200: ping sent
Thu, 13 Jun 2024 12:02:18 +0200: Received CMD: 13 (PINGRESP)
Thu, 13 Jun 2024 12:02:18 +0200: Fetching: 0 bytes
Thu, 13 Jun 2024 12:02:29 +0200: not had something in a while so ping
Thu, 13 Jun 2024 12:02:29 +0200: ping sent
Thu, 13 Jun 2024 12:02:29 +0200: Received CMD: 13 (PINGRESP)
Thu, 13 Jun 2024 12:02:29 +0200: Fetching: 0 bytes
Thu, 13 Jun 2024 12:02:40 +0200: not had something in a while so ping
Thu, 13 Jun 2024 12:02:40 +0200: ping sent
Thu, 13 Jun 2024 12:02:40 +0200: Received CMD: 13 (PINGRESP)
Thu, 13 Jun 2024 12:02:40 +0200: Fetching: 0 bytes
Thu, 13 Jun 2024 12:02:51 +0200: not had something in a while so ping
Thu, 13 Jun 2024 12:02:51 +0200: ping sent
Thu, 13 Jun 2024 12:02:51 +0200: Received CMD: 13 (PINGRESP)
Thu, 13 Jun 2024 12:02:51 +0200: Fetching: 0 bytes
Thu, 13 Jun 2024 12:03:02 +0200: not had something in a while so ping
Thu, 13 Jun 2024 12:03:02 +0200: ping sent
Thu, 13 Jun 2024 12:03:02 +0200: Received CMD: 13 (PINGRESP)
Thu, 13 Jun 2024 12:03:02 +0200: Fetching: 0 bytes
Thu, 13 Jun 2024 12:03:13 +0200: not had something in a while so ping
Thu, 13 Jun 2024 12:03:13 +0200: ping sent
Thu, 13 Jun 2024 12:03:13 +0200: Received CMD: 13 (PINGRESP)
Thu, 13 Jun 2024 12:03:13 +0200: Fetching: 0 bytes
Thu, 13 Jun 2024 12:03:24 +0200: not had something in a while so ping
Thu, 13 Jun 2024 12:03:24 +0200: ping sent
Thu, 13 Jun 2024 12:03:24 +0200: Received CMD: 13 (PINGRESP)
Thu, 13 Jun 2024 12:03:24 +0200: Fetching: 0 bytes
Thu, 13 Jun 2024 12:03:35 +0200: not had something in a while so ping
Thu, 13 Jun 2024 12:03:35 +0200: ping sent
Thu, 13 Jun 2024 12:03:35 +0200: Received CMD: 13 (PINGRESP)
Thu, 13 Jun 2024 12:03:35 +0200: Fetching: 0 bytes
Thu, 13 Jun 2024 12:03:46 +0200: not had something in a while so ping
Thu, 13 Jun 2024 12:03:46 +0200: ping sent
Thu, 13 Jun 2024 12:03:46 +0200: Received CMD: 13 (PINGRESP)
Thu, 13 Jun 2024 12:03:46 +0200: Fetching: 0 bytes
Thu, 13 Jun 2024 12:03:57 +0200: not had something in a while so ping
Thu, 13 Jun 2024 12:03:57 +0200: ping sent
Thu, 13 Jun 2024 12:03:57 +0200: Received CMD: 13 (PINGRESP)
Thu, 13 Jun 2024 12:03:57 +0200: Fetching: 0 bytes
Thu, 13 Jun 2024 12:04:08 +0200: not had something in a while so ping
Thu, 13 Jun 2024 12:04:08 +0200: ping sent
Thu, 13 Jun 2024 12:04:08 +0200: Received CMD: 13 (PINGRESP)
Thu, 13 Jun 2024 12:04:08 +0200: Fetching: 0 bytes
Thu, 13 Jun 2024 12:04:19 +0200: not had something in a while so ping
Thu, 13 Jun 2024 12:04:19 +0200: ping sent
Thu, 13 Jun 2024 12:04:19 +0200: Received CMD: 13 (PINGRESP)
Thu, 13 Jun 2024 12:04:19 +0200: Fetching: 0 bytes
Thu, 13 Jun 2024 12:04:30 +0200: not had something in a while so ping
Thu, 13 Jun 2024 12:04:30 +0200: ping sent
Thu, 13 Jun 2024 12:04:30 +0200: Received CMD: 13 (PINGRESP)
Thu, 13 Jun 2024 12:04:30 +0200: Fetching: 0 bytes
Thu, 13 Jun 2024 12:04:41 +0200: not had something in a while so ping
Thu, 13 Jun 2024 12:04:41 +0200: ping sent
Thu, 13 Jun 2024 12:04:41 +0200: Received CMD: 13 (PINGRESP)
Thu, 13 Jun 2024 12:04:41 +0200: Fetching: 0 bytes
Thu, 13 Jun 2024 12:04:52 +0200: not had something in a while so ping
Thu, 13 Jun 2024 12:04:52 +0200: ping sent
Thu, 13 Jun 2024 12:04:52 +0200: Received CMD: 13 (PINGRESP)
Thu, 13 Jun 2024 12:04:52 +0200: Fetching: 0 bytes
Thu, 13 Jun 2024 12:05:03 +0200: not had something in a while so ping
Thu, 13 Jun 2024 12:05:03 +0200: ping sent
Thu, 13 Jun 2024 12:05:03 +0200: Received CMD: 13 (PINGRESP)
Thu, 13 Jun 2024 12:05:03 +0200: Fetching: 0 bytes
Thu, 13 Jun 2024 12:05:14 +0200: not had something in a while so ping
Thu, 13 Jun 2024 12:05:14 +0200: ping sent
Thu, 13 Jun 2024 12:05:14 +0200: Received CMD: 13 (PINGRESP)
Thu, 13 Jun 2024 12:05:14 +0200: Fetching: 0 bytes
Thu, 13 Jun 2024 12:05:25 +0200: not had something in a while so ping
Thu, 13 Jun 2024 12:05:25 +0200: ping sent
Thu, 13 Jun 2024 12:05:25 +0200: Received CMD: 13 (PINGRESP)
Thu, 13 Jun 2024 12:05:25 +0200: Fetching: 0 bytes
Thu, 13 Jun 2024 12:05:36 +0200: not had something in a while so ping
Thu, 13 Jun 2024 12:05:36 +0200: ping sent
Thu, 13 Jun 2024 12:05:36 +0200: Received CMD: 13 (PINGRESP)
Thu, 13 Jun 2024 12:05:36 +0200: Fetching: 0 bytes
Thu, 13 Jun 2024 12:05:47 +0200: not had something in a while so ping
Thu, 13 Jun 2024 12:05:47 +0200: ping sent
Thu, 13 Jun 2024 12:05:47 +0200: Received CMD: 13 (PINGRESP)
Thu, 13 Jun 2024 12:05:47 +0200: Fetching: 0 bytes
Thu, 13 Jun 2024 12:05:58 +0200: not had something in a while so ping
Thu, 13 Jun 2024 12:05:58 +0200: ping sent
Thu, 13 Jun 2024 12:05:58 +0200: Received CMD: 13 (PINGRESP)
Thu, 13 Jun 2024 12:05:58 +0200: Fetching: 0 bytes
Thu, 13 Jun 2024 12:06:09 +0200: not had something in a while so ping
Thu, 13 Jun 2024 12:06:09 +0200: ping sent
Thu, 13 Jun 2024 12:06:09 +0200: Received CMD: 13 (PINGRESP)
Thu, 13 Jun 2024 12:06:09 +0200: Fetching: 0 bytes
Thu, 13 Jun 2024 12:06:20 +0200: not had something in a while so ping
Thu, 13 Jun 2024 12:06:20 +0200: ping sent
Thu, 13 Jun 2024 12:06:20 +0200: Received CMD: 13 (PINGRESP)
Thu, 13 Jun 2024 12:06:20 +0200: Fetching: 0 bytes
Thu, 13 Jun 2024 12:06:31 +0200: not had something in a while so ping
Thu, 13 Jun 2024 12:06:31 +0200: ping sent
Thu, 13 Jun 2024 12:06:31 +0200: Received CMD: 13 (PINGRESP)
Thu, 13 Jun 2024 12:06:31 +0200: Fetching: 0 bytes
Thu, 13 Jun 2024 12:06:42 +0200: not had something in a while so ping
Thu, 13 Jun 2024 12:06:42 +0200: ping sent
Thu, 13 Jun 2024 12:06:42 +0200: Received CMD: 13 (PINGRESP)
Thu, 13 Jun 2024 12:06:42 +0200: Fetching: 0 bytes
Thu, 13 Jun 2024 12:06:53 +0200: not had something in a while so ping
Thu, 13 Jun 2024 12:06:53 +0200: ping sent
Thu, 13 Jun 2024 12:06:53 +0200: Received CMD: 13 (PINGRESP)
Thu, 13 Jun 2024 12:06:53 +0200: Fetching: 0 bytes
Thu, 13 Jun 2024 12:07:04 +0200: not had something in a while so ping
Thu, 13 Jun 2024 12:07:04 +0200: ping sent
Thu, 13 Jun 2024 12:07:04 +0200: Received CMD: 13 (PINGRESP)
Thu, 13 Jun 2024 12:07:04 +0200: Fetching: 0 bytes
Thu, 13 Jun 2024 12:07:15 +0200: not had something in a while so ping
Thu, 13 Jun 2024 12:07:15 +0200: ping sent
Thu, 13 Jun 2024 12:07:15 +0200: Received CMD: 13 (PINGRESP)
Thu, 13 Jun 2024 12:07:15 +0200: Fetching: 0 bytes
Thu, 13 Jun 2024 12:07:26 +0200: not had something in a while so ping
Thu, 13 Jun 2024 12:07:26 +0200: ping sent
Thu, 13 Jun 2024 12:07:26 +0200: Received CMD: 13 (PINGRESP)
Thu, 13 Jun 2024 12:07:26 +0200: Fetching: 0 bytes
Thu, 13 Jun 2024 12:07:37 +0200: not had something in a while so ping
Thu, 13 Jun 2024 12:07:37 +0200: ping sent
Thu, 13 Jun 2024 12:07:37 +0200: Received CMD: 13 (PINGRESP)
Thu, 13 Jun 2024 12:07:37 +0200: Fetching: 0 bytes
Thu, 13 Jun 2024 12:07:48 +0200: not had something in a while so ping
Thu, 13 Jun 2024 12:07:48 +0200: ping sent
Thu, 13 Jun 2024 12:07:48 +0200: Received CMD: 13 (PINGRESP)
Thu, 13 Jun 2024 12:07:48 +0200: Fetching: 0 bytes
Thu, 13 Jun 2024 12:07:59 +0200: not had something in a while so ping
Thu, 13 Jun 2024 12:07:59 +0200: ping sent
Thu, 13 Jun 2024 12:07:59 +0200: Received CMD: 13 (PINGRESP)
Thu, 13 Jun 2024 12:07:59 +0200: Fetching: 0 bytes
Thu, 13 Jun 2024 12:08:10 +0200: not had something in a while so ping
Thu, 13 Jun 2024 12:08:10 +0200: ping sent
Thu, 13 Jun 2024 12:08:10 +0200: Received CMD: 13 (PINGRESP)
Thu, 13 Jun 2024 12:08:10 +0200: Fetching: 0 bytes
Thu, 13 Jun 2024 12:08:21 +0200: not had something in a while so ping
Thu, 13 Jun 2024 12:08:21 +0200: ping sent
Thu, 13 Jun 2024 12:08:21 +0200: Received CMD: 13 (PINGRESP)
Thu, 13 Jun 2024 12:08:21 +0200: Fetching: 0 bytes
Thu, 13 Jun 2024 12:08:32 +0200: not had something in a while so ping
Thu, 13 Jun 2024 12:08:32 +0200: ping sent
Thu, 13 Jun 2024 12:08:32 +0200: Received CMD: 13 (PINGRESP)
Thu, 13 Jun 2024 12:08:32 +0200: Fetching: 0 bytes
Thu, 13 Jun 2024 12:08:43 +0200: not had something in a while so ping
Thu, 13 Jun 2024 12:08:43 +0200: ping sent
Thu, 13 Jun 2024 12:08:43 +0200: Received CMD: 13 (PINGRESP)
Thu, 13 Jun 2024 12:08:43 +0200: Fetching: 0 bytes
Thu, 13 Jun 2024 12:08:54 +0200: not had something in a while so ping
Thu, 13 Jun 2024 12:08:54 +0200: ping sent
Thu, 13 Jun 2024 12:08:54 +0200: Received CMD: 13 (PINGRESP)
Thu, 13 Jun 2024 12:08:54 +0200: Fetching: 0 bytes
Thu, 13 Jun 2024 12:09:05 +0200: not had something in a while so ping
Thu, 13 Jun 2024 12:09:05 +0200: ping sent
Thu, 13 Jun 2024 12:09:05 +0200: Received CMD: 13 (PINGRESP)
Thu, 13 Jun 2024 12:09:05 +0200: Fetching: 0 bytes
Thu, 13 Jun 2024 12:09:16 +0200: not had something in a while so ping
Thu, 13 Jun 2024 12:09:16 +0200: ping sent
Thu, 13 Jun 2024 12:09:16 +0200: Received CMD: 13 (PINGRESP)
Thu, 13 Jun 2024 12:09:16 +0200: Fetching: 0 bytes
Thu, 13 Jun 2024 12:09:27 +0200: not had something in a while so ping
Thu, 13 Jun 2024 12:09:27 +0200: ping sent
Thu, 13 Jun 2024 12:09:27 +0200: Received CMD: 13 (PINGRESP)
Thu, 13 Jun 2024 12:09:27 +0200: Fetching: 0 bytes
Thu, 13 Jun 2024 12:09:38 +0200: not had something in a while so ping
Thu, 13 Jun 2024 12:09:38 +0200: ping sent
Thu, 13 Jun 2024 12:09:38 +0200: Received CMD: 13 (PINGRESP)
Thu, 13 Jun 2024 12:09:38 +0200: Fetching: 0 bytes
Thu, 13 Jun 2024 12:09:49 +0200: not had something in a while so ping
Thu, 13 Jun 2024 12:09:49 +0200: ping sent
Thu, 13 Jun 2024 12:09:49 +0200: Received CMD: 13 (PINGRESP)
Thu, 13 Jun 2024 12:09:49 +0200: Fetching: 0 bytes
Thu, 13 Jun 2024 12:10:00 +0200: not had something in a while so ping
Thu, 13 Jun 2024 12:10:00 +0200: ping sent
Thu, 13 Jun 2024 12:10:00 +0200: Received CMD: 13 (PINGRESP)
Thu, 13 Jun 2024 12:10:00 +0200: Fetching: 0 bytes
Thu, 13 Jun 2024 12:10:11 +0200: not had something in a while so ping
Thu, 13 Jun 2024 12:10:11 +0200: ping sent
Thu, 13 Jun 2024 12:10:11 +0200: Received CMD: 13 (PINGRESP)
Thu, 13 Jun 2024 12:10:11 +0200: Fetching: 0 bytes
Thu, 13 Jun 2024 12:10:22 +0200: not had something in a while so ping
Thu, 13 Jun 2024 12:10:22 +0200: ping sent
Thu, 13 Jun 2024 12:10:22 +0200: Received CMD: 13 (PINGRESP)
Thu, 13 Jun 2024 12:10:22 +0200: Fetching: 0 bytes
Thu, 13 Jun 2024 12:10:33 +0200: not had something in a while so ping
Thu, 13 Jun 2024 12:10:33 +0200: ping sent
Thu, 13 Jun 2024 12:10:33 +0200: Received CMD: 13 (PINGRESP)
Thu, 13 Jun 2024 12:10:33 +0200: Fetching: 0 bytes
Thu, 13 Jun 2024 12:10:44 +0200: not had something in a while so ping
Thu, 13 Jun 2024 12:10:44 +0200: ping sent
Thu, 13 Jun 2024 12:10:44 +0200: Received CMD: 13 (PINGRESP)
Thu, 13 Jun 2024 12:10:44 +0200: Fetching: 0 bytes
Thu, 13 Jun 2024 12:10:55 +0200: not had something in a while so ping
Thu, 13 Jun 2024 12:10:55 +0200: ping sent
Thu, 13 Jun 2024 12:10:55 +0200: Received CMD: 13 (PINGRESP)
Thu, 13 Jun 2024 12:10:55 +0200: Fetching: 0 bytes
Thu, 13 Jun 2024 12:11:06 +0200: not had something in a while so ping
Thu, 13 Jun 2024 12:11:06 +0200: ping sent
Thu, 13 Jun 2024 12:11:06 +0200: Received CMD: 13 (PINGRESP)
Thu, 13 Jun 2024 12:11:06 +0200: Fetching: 0 bytes
Thu, 13 Jun 2024 12:11:17 +0200: not had something in a while so ping
Thu, 13 Jun 2024 12:11:17 +0200: ping sent
Thu, 13 Jun 2024 12:11:17 +0200: Received CMD: 13 (PINGRESP)
Thu, 13 Jun 2024 12:11:17 +0200: Fetching: 0 bytes
Thu, 13 Jun 2024 12:11:28 +0200: not had something in a while so ping
Thu, 13 Jun 2024 12:11:28 +0200: ping sent
Thu, 13 Jun 2024 12:11:28 +0200: Received CMD: 13 (PINGRESP)
Thu, 13 Jun 2024 12:11:28 +0200: Fetching: 0 bytes
Thu, 13 Jun 2024 12:11:39 +0200: not had something in a while so ping
Thu, 13 Jun 2024 12:11:39 +0200: ping sent
Thu, 13 Jun 2024 12:11:39 +0200: Received CMD: 13 (PINGRESP)
Thu, 13 Jun 2024 12:11:39 +0200: Fetching: 0 bytes
Thu, 13 Jun 2024 12:11:50 +0200: not had something in a while so ping
Thu, 13 Jun 2024 12:11:50 +0200: ping sent
Thu, 13 Jun 2024 12:11:50 +0200: Received CMD: 13 (PINGRESP)
Thu, 13 Jun 2024 12:11:50 +0200: Fetching: 0 bytes
Thu, 13 Jun 2024 12:12:01 +0200: not had something in a while so ping
Thu, 13 Jun 2024 12:12:01 +0200: ping sent
Thu, 13 Jun 2024 12:12:01 +0200: Received CMD: 13 (PINGRESP)
Thu, 13 Jun 2024 12:12:01 +0200: Fetching: 0 bytes
Thu, 13 Jun 2024 12:12:12 +0200: not had something in a while so ping
Thu, 13 Jun 2024 12:12:12 +0200: ping sent
Thu, 13 Jun 2024 12:12:12 +0200: Received CMD: 13 (PINGRESP)
Thu, 13 Jun 2024 12:12:12 +0200: Fetching: 0 bytes
Thu, 13 Jun 2024 12:12:23 +0200: not had something in a while so ping
Thu, 13 Jun 2024 12:12:23 +0200: ping sent
Thu, 13 Jun 2024 12:12:23 +0200: Received CMD: 13 (PINGRESP)
Thu, 13 Jun 2024 12:12:23 +0200: Fetching: 0 bytes
Thu, 13 Jun 2024 12:12:34 +0200: not had something in a while so ping
Thu, 13 Jun 2024 12:12:34 +0200: ping sent
Thu, 13 Jun 2024 12:12:34 +0200: Received CMD: 13 (PINGRESP)
Thu, 13 Jun 2024 12:12:34 +0200: Fetching: 0 bytes
Thu, 13 Jun 2024 12:12:45 +0200: not had something in a while so ping
Thu, 13 Jun 2024 12:12:45 +0200: ping sent
Thu, 13 Jun 2024 12:12:45 +0200: Received CMD: 13 (PINGRESP)
Thu, 13 Jun 2024 12:12:45 +0200: Fetching: 0 bytes
Thu, 13 Jun 2024 12:12:56 +0200: not had something in a while so ping
Thu, 13 Jun 2024 12:12:56 +0200: ping sent
Thu, 13 Jun 2024 12:12:56 +0200: Received CMD: 13 (PINGRESP)
Thu, 13 Jun 2024 12:12:56 +0200: Fetching: 0 bytes
Thu, 13 Jun 2024 12:13:07 +0200: not had something in a while so ping
Thu, 13 Jun 2024 12:13:07 +0200: ping sent
Thu, 13 Jun 2024 12:13:07 +0200: Received CMD: 13 (PINGRESP)
Thu, 13 Jun 2024 12:13:07 +0200: Fetching: 0 bytes
Thu, 13 Jun 2024 12:13:18 +0200: not had something in a while so ping
Thu, 13 Jun 2024 12:13:18 +0200: ping sent
Thu, 13 Jun 2024 12:13:18 +0200: Received CMD: 13 (PINGRESP)
Thu, 13 Jun 2024 12:13:18 +0200: Fetching: 0 bytes
Thu, 13 Jun 2024 12:13:29 +0200: not had something in a while so ping
Thu, 13 Jun 2024 12:13:29 +0200: ping sent
Thu, 13 Jun 2024 12:13:29 +0200: Received CMD: 13 (PINGRESP)
Thu, 13 Jun 2024 12:13:29 +0200: Fetching: 0 bytes
Thu, 13 Jun 2024 12:13:40 +0200: not had something in a while so ping
Thu, 13 Jun 2024 12:13:40 +0200: ping sent
Thu, 13 Jun 2024 12:13:40 +0200: Received CMD: 13 (PINGRESP)
Thu, 13 Jun 2024 12:13:40 +0200: Fetching: 0 bytes
Thu, 13 Jun 2024 12:13:51 +0200: not had something in a while so ping
Thu, 13 Jun 2024 12:13:51 +0200: ping sent
Thu, 13 Jun 2024 12:13:51 +0200: Received CMD: 13 (PINGRESP)
Thu, 13 Jun 2024 12:13:51 +0200: Fetching: 0 bytes
Thu, 13 Jun 2024 12:14:02 +0200: not had something in a while so ping
Thu, 13 Jun 2024 12:14:02 +0200: ping sent
Thu, 13 Jun 2024 12:14:02 +0200: Received CMD: 13 (PINGRESP)
Thu, 13 Jun 2024 12:14:02 +0200: Fetching: 0 bytes
Thu, 13 Jun 2024 12:14:13 +0200: not had something in a while so ping
Thu, 13 Jun 2024 12:14:13 +0200: ping sent
Thu, 13 Jun 2024 12:14:13 +0200: Received CMD: 13 (PINGRESP)
Thu, 13 Jun 2024 12:14:13 +0200: Fetching: 0 bytes
Thu, 13 Jun 2024 12:14:24 +0200: not had something in a while so ping
Thu, 13 Jun 2024 12:14:24 +0200: ping sent
Thu, 13 Jun 2024 12:14:24 +0200: Received CMD: 13 (PINGRESP)
Thu, 13 Jun 2024 12:14:24 +0200: Fetching: 0 bytes
Thu, 13 Jun 2024 12:14:35 +0200: not had something in a while so ping
Thu, 13 Jun 2024 12:14:35 +0200: ping sent
Thu, 13 Jun 2024 12:14:35 +0200: Received CMD: 13 (PINGRESP)
Thu, 13 Jun 2024 12:14:35 +0200: Fetching: 0 bytes
Thu, 13 Jun 2024 12:14:46 +0200: not had something in a while so ping
Thu, 13 Jun 2024 12:14:46 +0200: ping sent
Thu, 13 Jun 2024 12:14:46 +0200: Received CMD: 13 (PINGRESP)
Thu, 13 Jun 2024 12:14:46 +0200: Fetching: 0 bytes
Thu, 13 Jun 2024 12:14:57 +0200: not had something in a while so ping
Thu, 13 Jun 2024 12:14:57 +0200: ping sent
Thu, 13 Jun 2024 12:14:57 +0200: Received CMD: 13 (PINGRESP)
Thu, 13 Jun 2024 12:14:57 +0200: Fetching: 0 bytes
Thu, 13 Jun 2024 12:15:08 +0200: not had something in a while so ping
Thu, 13 Jun 2024 12:15:08 +0200: ping sent
Thu, 13 Jun 2024 12:15:08 +0200: Received CMD: 13 (PINGRESP)
Thu, 13 Jun 2024 12:15:08 +0200: Fetching: 0 bytes
Thu, 13 Jun 2024 12:15:19 +0200: not had something in a while so ping
Thu, 13 Jun 2024 12:15:19 +0200: ping sent
Thu, 13 Jun 2024 12:15:19 +0200: Received CMD: 13 (PINGRESP)
Thu, 13 Jun 2024 12:15:19 +0200: Fetching: 0 bytes
Thu, 13 Jun 2024 12:15:30 +0200: not had something in a while so ping
Thu, 13 Jun 2024 12:15:30 +0200: ping sent
Thu, 13 Jun 2024 12:15:30 +0200: Received CMD: 13 (PINGRESP)
Thu, 13 Jun 2024 12:15:30 +0200: Fetching: 0 bytes
Thu, 13 Jun 2024 12:15:41 +0200: not had something in a while so ping
Thu, 13 Jun 2024 12:15:41 +0200: ping sent
Thu, 13 Jun 2024 12:15:41 +0200: Received CMD: 13 (PINGRESP)
Thu, 13 Jun 2024 12:15:41 +0200: Fetching: 0 bytes
Thu, 13 Jun 2024 12:15:52 +0200: not had something in a while so ping
Thu, 13 Jun 2024 12:15:52 +0200: ping sent
Thu, 13 Jun 2024 12:15:52 +0200: Received CMD: 13 (PINGRESP)
Thu, 13 Jun 2024 12:15:52 +0200: Fetching: 0 bytes
Thu, 13 Jun 2024 12:16:03 +0200: not had something in a while so ping
Thu, 13 Jun 2024 12:16:03 +0200: ping sent
Thu, 13 Jun 2024 12:16:03 +0200: Received CMD: 13 (PINGRESP)
Thu, 13 Jun 2024 12:16:03 +0200: Fetching: 0 bytes
Thu, 13 Jun 2024 12:16:14 +0200: not had something in a while so ping
Thu, 13 Jun 2024 12:16:14 +0200: ping sent
Thu, 13 Jun 2024 12:16:14 +0200: Received CMD: 13 (PINGRESP)
Thu, 13 Jun 2024 12:16:14 +0200: Fetching: 0 bytes
Thu, 13 Jun 2024 12:16:25 +0200: not had something in a while so ping
Thu, 13 Jun 2024 12:16:25 +0200: ping sent
Thu, 13 Jun 2024 12:16:25 +0200: Received CMD: 13 (PINGRESP)
Thu, 13 Jun 2024 12:16:25 +0200: Fetching: 0 bytes
Thu, 13 Jun 2024 12:16:36 +0200: not had something in a while so ping
Thu, 13 Jun 2024 12:16:36 +0200: ping sent
Thu, 13 Jun 2024 12:16:36 +0200: Received CMD: 13 (PINGRESP)
Thu, 13 Jun 2024 12:16:36 +0200: Fetching: 0 bytes
Thu, 13 Jun 2024 12:16:47 +0200: not had something in a while so ping
Thu, 13 Jun 2024 12:16:47 +0200: ping sent
Thu, 13 Jun 2024 12:16:47 +0200: Received CMD: 13 (PINGRESP)
Thu, 13 Jun 2024 12:16:47 +0200: Fetching: 0 bytes
Thu, 13 Jun 2024 12:16:58 +0200: not had something in a while so ping
Thu, 13 Jun 2024 12:16:58 +0200: ping sent
Thu, 13 Jun 2024 12:16:58 +0200: Received CMD: 13 (PINGRESP)
Thu, 13 Jun 2024 12:16:58 +0200: Fetching: 0 bytes
Thu, 13 Jun 2024 12:17:09 +0200: not had something in a while so ping
Thu, 13 Jun 2024 12:17:09 +0200: ping sent
Thu, 13 Jun 2024 12:17:09 +0200: Received CMD: 13 (PINGRESP)
Thu, 13 Jun 2024 12:17:09 +0200: Fetching: 0 bytes
Thu, 13 Jun 2024 12:17:20 +0200: not had something in a while so ping
Thu, 13 Jun 2024 12:17:20 +0200: ping sent
Thu, 13 Jun 2024 12:17:20 +0200: Received CMD: 13 (PINGRESP)
Thu, 13 Jun 2024 12:17:20 +0200: Fetching: 0 bytes
Thu, 13 Jun 2024 12:17:31 +0200: not had something in a while so ping
Thu, 13 Jun 2024 12:17:31 +0200: ping sent
Thu, 13 Jun 2024 12:17:31 +0200: Received CMD: 13 (PINGRESP)
Thu, 13 Jun 2024 12:17:31 +0200: Fetching: 0 bytes
Thu, 13 Jun 2024 12:17:42 +0200: not had something in a while so ping
Thu, 13 Jun 2024 12:17:42 +0200: ping sent
Thu, 13 Jun 2024 12:17:42 +0200: Received CMD: 13 (PINGRESP)
Thu, 13 Jun 2024 12:17:42 +0200: Fetching: 0 bytes
Thu, 13 Jun 2024 12:17:53 +0200: not had something in a while so ping
Thu, 13 Jun 2024 12:17:53 +0200: ping sent
Thu, 13 Jun 2024 12:17:53 +0200: Received CMD: 13 (PINGRESP)
Thu, 13 Jun 2024 12:17:53 +0200: Fetching: 0 bytes
Thu, 13 Jun 2024 12:18:04 +0200: not had something in a while so ping
Thu, 13 Jun 2024 12:18:04 +0200: ping sent
Thu, 13 Jun 2024 12:18:04 +0200: Received CMD: 13 (PINGRESP)
Thu, 13 Jun 2024 12:18:04 +0200: Fetching: 0 bytes
Thu, 13 Jun 2024 12:18:15 +0200: not had something in a while so ping
Thu, 13 Jun 2024 12:18:15 +0200: ping sent
Thu, 13 Jun 2024 12:18:15 +0200: Received CMD: 13 (PINGRESP)
Thu, 13 Jun 2024 12:18:15 +0200: Fetching: 0 bytes
Thu, 13 Jun 2024 12:18:26 +0200: not had something in a while so ping
Thu, 13 Jun 2024 12:18:26 +0200: ping sent
Thu, 13 Jun 2024 12:18:26 +0200: Received CMD: 13 (PINGRESP)
Thu, 13 Jun 2024 12:18:26 +0200: Fetching: 0 bytes
Thu, 13 Jun 2024 12:18:37 +0200: not had something in a while so ping
Thu, 13 Jun 2024 12:18:37 +0200: ping sent
Thu, 13 Jun 2024 12:18:37 +0200: Received CMD: 13 (PINGRESP)
Thu, 13 Jun 2024 12:18:37 +0200: Fetching: 0 bytes
Thu, 13 Jun 2024 12:18:48 +0200: not had something in a while so ping
Thu, 13 Jun 2024 12:18:48 +0200: ping sent
Thu, 13 Jun 2024 12:18:48 +0200: Received CMD: 13 (PINGRESP)
Thu, 13 Jun 2024 12:18:48 +0200: Fetching: 0 bytes
Thu, 13 Jun 2024 12:18:59 +0200: not had something in a while so ping
Thu, 13 Jun 2024 12:18:59 +0200: ping sent
Thu, 13 Jun 2024 12:18:59 +0200: Received CMD: 13 (PINGRESP)
Thu, 13 Jun 2024 12:18:59 +0200: Fetching: 0 bytes
Thu, 13 Jun 2024 12:19:10 +0200: not had something in a while so ping
Thu, 13 Jun 2024 12:19:10 +0200: ping sent
Thu, 13 Jun 2024 12:19:10 +0200: Received CMD: 13 (PINGRESP)
Thu, 13 Jun 2024 12:19:10 +0200: Fetching: 0 bytes
Thu, 13 Jun 2024 12:19:21 +0200: not had something in a while so ping
Thu, 13 Jun 2024 12:19:21 +0200: ping sent
Thu, 13 Jun 2024 12:19:21 +0200: Received CMD: 13 (PINGRESP)
Thu, 13 Jun 2024 12:19:21 +0200: Fetching: 0 bytes
Thu, 13 Jun 2024 12:19:32 +0200: not had something in a while so ping
Thu, 13 Jun 2024 12:19:32 +0200: ping sent
Thu, 13 Jun 2024 12:19:32 +0200: Received CMD: 13 (PINGRESP)
Thu, 13 Jun 2024 12:19:32 +0200: Fetching: 0 bytes
Thu, 13 Jun 2024 12:19:43 +0200: not had something in a while so ping
Thu, 13 Jun 2024 12:19:43 +0200: ping sent
Thu, 13 Jun 2024 12:19:43 +0200: Received CMD: 13 (PINGRESP)
Thu, 13 Jun 2024 12:19:43 +0200: Fetching: 0 bytes
Thu, 13 Jun 2024 12:19:54 +0200: not had something in a while so ping
Thu, 13 Jun 2024 12:19:54 +0200: ping sent
Thu, 13 Jun 2024 12:19:54 +0200: Received CMD: 13 (PINGRESP)
Thu, 13 Jun 2024 12:19:54 +0200: Fetching: 0 bytes
Thu, 13 Jun 2024 12:20:05 +0200: not had something in a while so ping
Thu, 13 Jun 2024 12:20:05 +0200: ping sent
Thu, 13 Jun 2024 12:20:05 +0200: Received CMD: 13 (PINGRESP)
Thu, 13 Jun 2024 12:20:05 +0200: Fetching: 0 bytes
Thu, 13 Jun 2024 12:20:16 +0200: not had something in a while so ping
Thu, 13 Jun 2024 12:20:16 +0200: ping sent
Thu, 13 Jun 2024 12:20:16 +0200: Received CMD: 13 (PINGRESP)
Thu, 13 Jun 2024 12:20:16 +0200: Fetching: 0 bytes
Thu, 13 Jun 2024 12:20:27 +0200: not had something in a while so ping
Thu, 13 Jun 2024 12:20:27 +0200: ping sent
Thu, 13 Jun 2024 12:20:27 +0200: Received CMD: 13 (PINGRESP)
Thu, 13 Jun 2024 12:20:27 +0200: Fetching: 0 bytes
Thu, 13 Jun 2024 12:20:38 +0200: not had something in a while so ping
Thu, 13 Jun 2024 12:20:38 +0200: ping sent
Thu, 13 Jun 2024 12:20:38 +0200: Received CMD: 13 (PINGRESP)
Thu, 13 Jun 2024 12:20:38 +0200: Fetching: 0 bytes
Thu, 13 Jun 2024 12:20:49 +0200: not had something in a while so ping
Thu, 13 Jun 2024 12:20:49 +0200: ping sent
Thu, 13 Jun 2024 12:20:49 +0200: Received CMD: 13 (PINGRESP)
Thu, 13 Jun 2024 12:20:49 +0200: Fetching: 0 bytes
Thu, 13 Jun 2024 12:21:00 +0200: not had something in a while so ping
Thu, 13 Jun 2024 12:21:00 +0200: ping sent
Thu, 13 Jun 2024 12:21:00 +0200: Received CMD: 13 (PINGRESP)
Thu, 13 Jun 2024 12:21:00 +0200: Fetching: 0 bytes
Thu, 13 Jun 2024 12:21:11 +0200: not had something in a while so ping
Thu, 13 Jun 2024 12:21:11 +0200: ping sent
Thu, 13 Jun 2024 12:21:11 +0200: Received CMD: 13 (PINGRESP)
Thu, 13 Jun 2024 12:21:11 +0200: Fetching: 0 bytes
Thu, 13 Jun 2024 12:21:22 +0200: not had something in a while so ping
Thu, 13 Jun 2024 12:21:22 +0200: ping sent
Thu, 13 Jun 2024 12:21:22 +0200: Received CMD: 13 (PINGRESP)
Thu, 13 Jun 2024 12:21:22 +0200: Fetching: 0 bytes
Thu, 13 Jun 2024 12:21:33 +0200: not had something in a while so ping
Thu, 13 Jun 2024 12:21:33 +0200: ping sent
Thu, 13 Jun 2024 12:21:33 +0200: Received CMD: 13 (PINGRESP)
Thu, 13 Jun 2024 12:21:33 +0200: Fetching: 0 bytes
Thu, 13 Jun 2024 12:21:44 +0200: not had something in a while so ping
Thu, 13 Jun 2024 12:21:44 +0200: ping sent
Thu, 13 Jun 2024 12:21:44 +0200: Received CMD: 13 (PINGRESP)
Thu, 13 Jun 2024 12:21:44 +0200: Fetching: 0 bytes
Thu, 13 Jun 2024 12:21:55 +0200: not had something in a while so ping
Thu, 13 Jun 2024 12:21:55 +0200: ping sent
Thu, 13 Jun 2024 12:21:55 +0200: Received CMD: 13 (PINGRESP)
Thu, 13 Jun 2024 12:21:55 +0200: Fetching: 0 bytes
Thu, 13 Jun 2024 12:22:06 +0200: not had something in a while so ping
Thu, 13 Jun 2024 12:22:06 +0200: ping sent
Thu, 13 Jun 2024 12:22:06 +0200: Received CMD: 13 (PINGRESP)
Thu, 13 Jun 2024 12:22:06 +0200: Fetching: 0 bytes
Thu, 13 Jun 2024 12:22:17 +0200: not had something in a while so ping
Thu, 13 Jun 2024 12:22:17 +0200: ping sent
Thu, 13 Jun 2024 12:22:17 +0200: Received CMD: 13 (PINGRESP)
Thu, 13 Jun 2024 12:22:17 +0200: Fetching: 0 bytes
Thu, 13 Jun 2024 12:22:28 +0200: not had something in a while so ping
Thu, 13 Jun 2024 12:22:28 +0200: ping sent
Thu, 13 Jun 2024 12:22:28 +0200: Received CMD: 13 (PINGRESP)
Thu, 13 Jun 2024 12:22:28 +0200: Fetching: 0 bytes
Thu, 13 Jun 2024 12:22:39 +0200: not had something in a while so ping
Thu, 13 Jun 2024 12:22:39 +0200: ping sent
Thu, 13 Jun 2024 12:22:39 +0200: Received CMD: 13 (PINGRESP)
Thu, 13 Jun 2024 12:22:39 +0200: Fetching: 0 bytes
Thu, 13 Jun 2024 12:22:50 +0200: not had something in a while so ping
Thu, 13 Jun 2024 12:22:50 +0200: ping sent
Thu, 13 Jun 2024 12:22:50 +0200: Received CMD: 13 (PINGRESP)
Thu, 13 Jun 2024 12:22:50 +0200: Fetching: 0 bytes
Thu, 13 Jun 2024 12:23:01 +0200: not had something in a while so ping
Thu, 13 Jun 2024 12:23:01 +0200: ping sent
Thu, 13 Jun 2024 12:23:01 +0200: Received CMD: 13 (PINGRESP)
Thu, 13 Jun 2024 12:23:01 +0200: Fetching: 0 bytes
Thu, 13 Jun 2024 12:23:12 +0200: not had something in a while so ping
Thu, 13 Jun 2024 12:23:12 +0200: ping sent
Thu, 13 Jun 2024 12:23:12 +0200: Received CMD: 13 (PINGRESP)
Thu, 13 Jun 2024 12:23:12 +0200: Fetching: 0 bytes
Thu, 13 Jun 2024 12:23:23 +0200: not had something in a while so ping
Thu, 13 Jun 2024 12:23:23 +0200: ping sent
Thu, 13 Jun 2024 12:23:23 +0200: Received CMD: 13 (PINGRESP)
Thu, 13 Jun 2024 12:23:23 +0200: Fetching: 0 bytes
Thu, 13 Jun 2024 12:23:34 +0200: not had something in a while so ping
Thu, 13 Jun 2024 12:23:34 +0200: ping sent
Thu, 13 Jun 2024 12:23:34 +0200: Received CMD: 13 (PINGRESP)
Thu, 13 Jun 2024 12:23:34 +0200: Fetching: 0 bytes
Thu, 13 Jun 2024 12:23:45 +0200: not had something in a while so ping
Thu, 13 Jun 2024 12:23:45 +0200: ping sent
Thu, 13 Jun 2024 12:23:45 +0200: Received CMD: 13 (PINGRESP)
Thu, 13 Jun 2024 12:23:45 +0200: Fetching: 0 bytes
Thu, 13 Jun 2024 12:23:56 +0200: not had something in a while so ping
Thu, 13 Jun 2024 12:23:56 +0200: ping sent
Thu, 13 Jun 2024 12:23:56 +0200: Received CMD: 13 (PINGRESP)
Thu, 13 Jun 2024 12:23:56 +0200: Fetching: 0 bytes
Thu, 13 Jun 2024 12:24:07 +0200: not had something in a while so ping
Thu, 13 Jun 2024 12:24:07 +0200: ping sent
Thu, 13 Jun 2024 12:24:07 +0200: Received CMD: 13 (PINGRESP)
Thu, 13 Jun 2024 12:24:07 +0200: Fetching: 0 bytes
Thu, 13 Jun 2024 12:24:18 +0200: not had something in a while so ping
Thu, 13 Jun 2024 12:24:18 +0200: ping sent
Thu, 13 Jun 2024 12:24:18 +0200: Received CMD: 13 (PINGRESP)
Thu, 13 Jun 2024 12:24:18 +0200: Fetching: 0 bytes
Thu, 13 Jun 2024 12:24:29 +0200: not had something in a while so ping
Thu, 13 Jun 2024 12:24:29 +0200: ping sent
Thu, 13 Jun 2024 12:24:29 +0200: Received CMD: 13 (PINGRESP)
Thu, 13 Jun 2024 12:24:29 +0200: Fetching: 0 bytes
Thu, 13 Jun 2024 12:24:40 +0200: not had something in a while so ping
Thu, 13 Jun 2024 12:24:40 +0200: ping sent
Thu, 13 Jun 2024 12:24:40 +0200: Received CMD: 13 (PINGRESP)
Thu, 13 Jun 2024 12:24:40 +0200: Fetching: 0 bytes
Thu, 13 Jun 2024 12:24:51 +0200: not had something in a while so ping
Thu, 13 Jun 2024 12:24:51 +0200: ping sent
Thu, 13 Jun 2024 12:24:51 +0200: Received CMD: 13 (PINGRESP)
Thu, 13 Jun 2024 12:24:51 +0200: Fetching: 0 bytes
Thu, 13 Jun 2024 12:25:02 +0200: not had something in a while so ping
Thu, 13 Jun 2024 12:25:02 +0200: ping sent
Thu, 13 Jun 2024 12:25:02 +0200: Received CMD: 13 (PINGRESP)
Thu, 13 Jun 2024 12:25:02 +0200: Fetching: 0 bytes
Thu, 13 Jun 2024 12:25:13 +0200: not had something in a while so ping
Thu, 13 Jun 2024 12:25:13 +0200: ping sent
Thu, 13 Jun 2024 12:25:13 +0200: Received CMD: 13 (PINGRESP)
Thu, 13 Jun 2024 12:25:13 +0200: Fetching: 0 bytes
Thu, 13 Jun 2024 12:25:24 +0200: not had something in a while so ping
Thu, 13 Jun 2024 12:25:24 +0200: ping sent
Thu, 13 Jun 2024 12:25:24 +0200: Received CMD: 13 (PINGRESP)
Thu, 13 Jun 2024 12:25:24 +0200: Fetching: 0 bytes
Thu, 13 Jun 2024 12:25:35 +0200: not had something in a while so ping
Thu, 13 Jun 2024 12:25:35 +0200: ping sent
Thu, 13 Jun 2024 12:25:35 +0200: Received CMD: 13 (PINGRESP)
Thu, 13 Jun 2024 12:25:35 +0200: Fetching: 0 bytes
Thu, 13 Jun 2024 12:25:46 +0200: not had something in a while so ping
Thu, 13 Jun 2024 12:25:46 +0200: ping sent
Thu, 13 Jun 2024 12:25:46 +0200: Received CMD: 13 (PINGRESP)
Thu, 13 Jun 2024 12:25:46 +0200: Fetching: 0 bytes
Thu, 13 Jun 2024 12:25:57 +0200: not had something in a while so ping
Thu, 13 Jun 2024 12:25:57 +0200: ping sent
Thu, 13 Jun 2024 12:25:57 +0200: Received CMD: 13 (PINGRESP)
Thu, 13 Jun 2024 12:25:57 +0200: Fetching: 0 bytes
Thu, 13 Jun 2024 12:26:08 +0200: not had something in a while so ping
Thu, 13 Jun 2024 12:26:08 +0200: ping sent
Thu, 13 Jun 2024 12:26:08 +0200: Received CMD: 13 (PINGRESP)
Thu, 13 Jun 2024 12:26:08 +0200: Fetching: 0 bytes
Thu, 13 Jun 2024 12:26:19 +0200: not had something in a while so ping
Thu, 13 Jun 2024 12:26:19 +0200: ping sent
Thu, 13 Jun 2024 12:26:19 +0200: Received CMD: 13 (PINGRESP)
Thu, 13 Jun 2024 12:26:19 +0200: Fetching: 0 bytes
Thu, 13 Jun 2024 12:26:30 +0200: not had something in a while so ping
Thu, 13 Jun 2024 12:26:30 +0200: ping sent
Thu, 13 Jun 2024 12:26:30 +0200: Received CMD: 13 (PINGRESP)
Thu, 13 Jun 2024 12:26:30 +0200: Fetching: 0 bytes
Thu, 13 Jun 2024 12:26:41 +0200: not had something in a while so ping
Thu, 13 Jun 2024 12:26:41 +0200: ping sent
Thu, 13 Jun 2024 12:26:41 +0200: Received CMD: 13 (PINGRESP)
Thu, 13 Jun 2024 12:26:41 +0200: Fetching: 0 bytes
Thu, 13 Jun 2024 12:26:52 +0200: not had something in a while so ping
Thu, 13 Jun 2024 12:26:52 +0200: ping sent
Thu, 13 Jun 2024 12:26:52 +0200: Received CMD: 13 (PINGRESP)
Thu, 13 Jun 2024 12:26:52 +0200: Fetching: 0 bytes
Thu, 13 Jun 2024 12:27:03 +0200: not had something in a while so ping
Thu, 13 Jun 2024 12:27:03 +0200: ping sent
Thu, 13 Jun 2024 12:27:03 +0200: Received CMD: 13 (PINGRESP)
Thu, 13 Jun 2024 12:27:03 +0200: Fetching: 0 bytes
Thu, 13 Jun 2024 12:27:14 +0200: not had something in a while so ping
Thu, 13 Jun 2024 12:27:14 +0200: ping sent
Thu, 13 Jun 2024 12:27:14 +0200: Received CMD: 13 (PINGRESP)
Thu, 13 Jun 2024 12:27:14 +0200: Fetching: 0 bytes
Thu, 13 Jun 2024 12:27:25 +0200: not had something in a while so ping
Thu, 13 Jun 2024 12:27:25 +0200: ping sent
Thu, 13 Jun 2024 12:27:25 +0200: Received CMD: 13 (PINGRESP)
Thu, 13 Jun 2024 12:27:25 +0200: Fetching: 0 bytes
Thu, 13 Jun 2024 12:27:36 +0200: not had something in a while so ping
Thu, 13 Jun 2024 12:27:36 +0200: ping sent
Thu, 13 Jun 2024 12:27:36 +0200: Received CMD: 13 (PINGRESP)
Thu, 13 Jun 2024 12:27:36 +0200: Fetching: 0 bytes
Thu, 13 Jun 2024 12:27:47 +0200: not had something in a while so ping
Thu, 13 Jun 2024 12:27:47 +0200: ping sent
Thu, 13 Jun 2024 12:27:47 +0200: Received CMD: 13 (PINGRESP)
Thu, 13 Jun 2024 12:27:47 +0200: Fetching: 0 bytes
Thu, 13 Jun 2024 12:27:58 +0200: not had something in a while so ping
Thu, 13 Jun 2024 12:27:58 +0200: ping sent
Thu, 13 Jun 2024 12:27:58 +0200: Received CMD: 13 (PINGRESP)
Thu, 13 Jun 2024 12:27:58 +0200: Fetching: 0 bytes
Thu, 13 Jun 2024 12:28:09 +0200: not had something in a while so ping
Thu, 13 Jun 2024 12:28:09 +0200: ping sent
Thu, 13 Jun 2024 12:28:09 +0200: Received CMD: 13 (PINGRESP)
Thu, 13 Jun 2024 12:28:09 +0200: Fetching: 0 bytes
Thu, 13 Jun 2024 12:28:20 +0200: not had something in a while so ping
Thu, 13 Jun 2024 12:28:20 +0200: ping sent
Thu, 13 Jun 2024 12:28:20 +0200: Received CMD: 13 (PINGRESP)
Thu, 13 Jun 2024 12:28:20 +0200: Fetching: 0 bytes
Thu, 13 Jun 2024 12:28:31 +0200: not had something in a while so ping
Thu, 13 Jun 2024 12:28:31 +0200: ping sent
Thu, 13 Jun 2024 12:28:31 +0200: Received CMD: 13 (PINGRESP)
Thu, 13 Jun 2024 12:28:31 +0200: Fetching: 0 bytes
Thu, 13 Jun 2024 12:28:42 +0200: not had something in a while so ping
Thu, 13 Jun 2024 12:28:42 +0200: ping sent
Thu, 13 Jun 2024 12:28:42 +0200: Received CMD: 13 (PINGRESP)
Thu, 13 Jun 2024 12:28:42 +0200: Fetching: 0 bytes
Thu, 13 Jun 2024 12:28:53 +0200: not had something in a while so ping
Thu, 13 Jun 2024 12:28:53 +0200: ping sent
Thu, 13 Jun 2024 12:28:53 +0200: Received CMD: 13 (PINGRESP)
Thu, 13 Jun 2024 12:28:53 +0200: Fetching: 0 bytes
Thu, 13 Jun 2024 12:29:04 +0200: not had something in a while so ping
Thu, 13 Jun 2024 12:29:04 +0200: ping sent
Thu, 13 Jun 2024 12:29:04 +0200: Received CMD: 13 (PINGRESP)
Thu, 13 Jun 2024 12:29:04 +0200: Fetching: 0 bytes
Thu, 13 Jun 2024 12:29:15 +0200: not had something in a while so ping
Thu, 13 Jun 2024 12:29:15 +0200: ping sent
Thu, 13 Jun 2024 12:29:15 +0200: Received CMD: 13 (PINGRESP)
Thu, 13 Jun 2024 12:29:15 +0200: Fetching: 0 bytes
Thu, 13 Jun 2024 12:29:26 +0200: not had something in a while so ping
Thu, 13 Jun 2024 12:29:26 +0200: ping sent
Thu, 13 Jun 2024 12:29:26 +0200: Received CMD: 13 (PINGRESP)
Thu, 13 Jun 2024 12:29:26 +0200: Fetching: 0 bytes
Thu, 13 Jun 2024 12:29:37 +0200: not had something in a while so ping
Thu, 13 Jun 2024 12:29:37 +0200: ping sent
Thu, 13 Jun 2024 12:29:37 +0200: Received CMD: 13 (PINGRESP)
Thu, 13 Jun 2024 12:29:37 +0200: Fetching: 0 bytes
Thu, 13 Jun 2024 12:29:48 +0200: not had something in a while so ping
Thu, 13 Jun 2024 12:29:48 +0200: ping sent
Thu, 13 Jun 2024 12:29:48 +0200: Received CMD: 13 (PINGRESP)
Thu, 13 Jun 2024 12:29:48 +0200: Fetching: 0 bytes
Thu, 13 Jun 2024 12:29:59 +0200: not had something in a while so ping
Thu, 13 Jun 2024 12:29:59 +0200: ping sent
Thu, 13 Jun 2024 12:29:59 +0200: Received CMD: 13 (PINGRESP)
Thu, 13 Jun 2024 12:29:59 +0200: Fetching: 0 bytes
Thu, 13 Jun 2024 12:30:10 +0200: not had something in a while so ping
Thu, 13 Jun 2024 12:30:10 +0200: ping sent
Thu, 13 Jun 2024 12:30:10 +0200: Received CMD: 13 (PINGRESP)
Thu, 13 Jun 2024 12:30:10 +0200: Fetching: 0 bytes
Thu, 13 Jun 2024 12:30:21 +0200: not had something in a while so ping
Thu, 13 Jun 2024 12:30:21 +0200: ping sent
Thu, 13 Jun 2024 12:30:21 +0200: Received CMD: 13 (PINGRESP)
Thu, 13 Jun 2024 12:30:21 +0200: Fetching: 0 bytes
Thu, 13 Jun 2024 12:30:32 +0200: not had something in a while so ping
Thu, 13 Jun 2024 12:30:32 +0200: ping sent
Thu, 13 Jun 2024 12:30:32 +0200: Received CMD: 13 (PINGRESP)
Thu, 13 Jun 2024 12:30:32 +0200: Fetching: 0 bytes
Thu, 13 Jun 2024 12:30:43 +0200: not had something in a while so ping
Thu, 13 Jun 2024 12:30:43 +0200: ping sent
Thu, 13 Jun 2024 12:30:43 +0200: Received CMD: 13 (PINGRESP)
Thu, 13 Jun 2024 12:30:43 +0200: Fetching: 0 bytes
Thu, 13 Jun 2024 12:30:54 +0200: not had something in a while so ping
Thu, 13 Jun 2024 12:30:54 +0200: ping sent
Thu, 13 Jun 2024 12:30:54 +0200: Received CMD: 13 (PINGRESP)
Thu, 13 Jun 2024 12:30:54 +0200: Fetching: 0 bytes
Thu, 13 Jun 2024 12:31:05 +0200: not had something in a while so ping
Thu, 13 Jun 2024 12:31:05 +0200: ping sent
Thu, 13 Jun 2024 12:31:05 +0200: Received CMD: 13 (PINGRESP)
Thu, 13 Jun 2024 12:31:05 +0200: Fetching: 0 bytes
Thu, 13 Jun 2024 12:31:16 +0200: not had something in a while so ping
Thu, 13 Jun 2024 12:31:16 +0200: ping sent
Thu, 13 Jun 2024 12:31:16 +0200: Received CMD: 13 (PINGRESP)
Thu, 13 Jun 2024 12:31:16 +0200: Fetching: 0 bytes
Thu, 13 Jun 2024 12:31:27 +0200: not had something in a while so ping
Thu, 13 Jun 2024 12:31:27 +0200: ping sent
Thu, 13 Jun 2024 12:31:27 +0200: Received CMD: 13 (PINGRESP)
Thu, 13 Jun 2024 12:31:27 +0200: Fetching: 0 bytes
Thu, 13 Jun 2024 12:31:38 +0200: not had something in a while so ping
Thu, 13 Jun 2024 12:31:38 +0200: ping sent
Thu, 13 Jun 2024 12:31:38 +0200: Received CMD: 13 (PINGRESP)
Thu, 13 Jun 2024 12:31:38 +0200: Fetching: 0 bytes
Thu, 13 Jun 2024 12:31:49 +0200: not had something in a while so ping
Thu, 13 Jun 2024 12:31:49 +0200: ping sent
Thu, 13 Jun 2024 12:31:49 +0200: Received CMD: 13 (PINGRESP)
Thu, 13 Jun 2024 12:31:49 +0200: Fetching: 0 bytes
Thu, 13 Jun 2024 12:32:00 +0200: not had something in a while so ping
Thu, 13 Jun 2024 12:32:00 +0200: ping sent
Thu, 13 Jun 2024 12:32:00 +0200: Received CMD: 13 (PINGRESP)
Thu, 13 Jun 2024 12:32:00 +0200: Fetching: 0 bytes
Thu, 13 Jun 2024 12:32:11 +0200: not had something in a while so ping
Thu, 13 Jun 2024 12:32:11 +0200: ping sent
Thu, 13 Jun 2024 12:32:11 +0200: Received CMD: 13 (PINGRESP)
Thu, 13 Jun 2024 12:32:11 +0200: Fetching: 0 bytes
Thu, 13 Jun 2024 12:32:22 +0200: not had something in a while so ping
Thu, 13 Jun 2024 12:32:22 +0200: ping sent
Thu, 13 Jun 2024 12:32:22 +0200: Received CMD: 13 (PINGRESP)
Thu, 13 Jun 2024 12:32:22 +0200: Fetching: 0 bytes
Thu, 13 Jun 2024 12:32:33 +0200: not had something in a while so ping
Thu, 13 Jun 2024 12:32:33 +0200: ping sent
Thu, 13 Jun 2024 12:32:33 +0200: Received CMD: 13 (PINGRESP)
Thu, 13 Jun 2024 12:32:33 +0200: Fetching: 0 bytes
Thu, 13 Jun 2024 12:32:44 +0200: not had something in a while so ping
Thu, 13 Jun 2024 12:32:44 +0200: ping sent
Thu, 13 Jun 2024 12:32:44 +0200: Received CMD: 13 (PINGRESP)
Thu, 13 Jun 2024 12:32:44 +0200: Fetching: 0 bytes
Thu, 13 Jun 2024 12:32:55 +0200: not had something in a while so ping
Thu, 13 Jun 2024 12:32:55 +0200: ping sent
Thu, 13 Jun 2024 12:32:55 +0200: Received CMD: 13 (PINGRESP)
Thu, 13 Jun 2024 12:32:55 +0200: Fetching: 0 bytes
Thu, 13 Jun 2024 12:33:06 +0200: not had something in a while so ping
Thu, 13 Jun 2024 12:33:06 +0200: ping sent
Thu, 13 Jun 2024 12:33:06 +0200: Received CMD: 13 (PINGRESP)
Thu, 13 Jun 2024 12:33:06 +0200: Fetching: 0 bytes
Thu, 13 Jun 2024 12:33:17 +0200: not had something in a while so ping
Thu, 13 Jun 2024 12:33:17 +0200: ping sent
Thu, 13 Jun 2024 12:33:17 +0200: Received CMD: 13 (PINGRESP)
Thu, 13 Jun 2024 12:33:17 +0200: Fetching: 0 bytes
Thu, 13 Jun 2024 12:33:28 +0200: not had something in a while so ping
Thu, 13 Jun 2024 12:33:28 +0200: ping sent
Thu, 13 Jun 2024 12:33:28 +0200: Received CMD: 13 (PINGRESP)
Thu, 13 Jun 2024 12:33:28 +0200: Fetching: 0 bytes
Thu, 13 Jun 2024 12:33:39 +0200: not had something in a while so ping
Thu, 13 Jun 2024 12:33:39 +0200: ping sent
Thu, 13 Jun 2024 12:33:39 +0200: Received CMD: 13 (PINGRESP)
Thu, 13 Jun 2024 12:33:39 +0200: Fetching: 0 bytes
Thu, 13 Jun 2024 12:33:50 +0200: not had something in a while so ping
Thu, 13 Jun 2024 12:33:50 +0200: ping sent
Thu, 13 Jun 2024 12:33:50 +0200: Received CMD: 13 (PINGRESP)
Thu, 13 Jun 2024 12:33:50 +0200: Fetching: 0 bytes
Thu, 13 Jun 2024 12:34:01 +0200: not had something in a while so ping
Thu, 13 Jun 2024 12:34:01 +0200: ping sent
Thu, 13 Jun 2024 12:34:01 +0200: Received CMD: 13 (PINGRESP)
Thu, 13 Jun 2024 12:34:01 +0200: Fetching: 0 bytes
Thu, 13 Jun 2024 12:34:12 +0200: not had something in a while so ping
Thu, 13 Jun 2024 12:34:12 +0200: ping sent
Thu, 13 Jun 2024 12:34:12 +0200: Received CMD: 13 (PINGRESP)
Thu, 13 Jun 2024 12:34:12 +0200: Fetching: 0 bytes
Thu, 13 Jun 2024 12:34:23 +0200: not had something in a while so ping
Thu, 13 Jun 2024 12:34:23 +0200: ping sent
Thu, 13 Jun 2024 12:34:23 +0200: Received CMD: 13 (PINGRESP)
Thu, 13 Jun 2024 12:34:23 +0200: Fetching: 0 bytes
Thu, 13 Jun 2024 12:34:34 +0200: not had something in a while so ping
Thu, 13 Jun 2024 12:34:34 +0200: ping sent
Thu, 13 Jun 2024 12:34:34 +0200: Received CMD: 13 (PINGRESP)
Thu, 13 Jun 2024 12:34:34 +0200: Fetching: 0 bytes
Thu, 13 Jun 2024 12:34:45 +0200: not had something in a while so ping
Thu, 13 Jun 2024 12:34:45 +0200: ping sent
Thu, 13 Jun 2024 12:34:45 +0200: Received CMD: 13 (PINGRESP)
Thu, 13 Jun 2024 12:34:45 +0200: Fetching: 0 bytes
Thu, 13 Jun 2024 12:34:56 +0200: not had something in a while so ping
Thu, 13 Jun 2024 12:34:56 +0200: ping sent
Thu, 13 Jun 2024 12:34:56 +0200: Received CMD: 13 (PINGRESP)
Thu, 13 Jun 2024 12:34:56 +0200: Fetching: 0 bytes
Thu, 13 Jun 2024 12:35:07 +0200: not had something in a while so ping
Thu, 13 Jun 2024 12:35:07 +0200: ping sent
Thu, 13 Jun 2024 12:35:07 +0200: Received CMD: 13 (PINGRESP)
Thu, 13 Jun 2024 12:35:07 +0200: Fetching: 0 bytes
Thu, 13 Jun 2024 12:35:18 +0200: not had something in a while so ping
Thu, 13 Jun 2024 12:35:18 +0200: ping sent
Thu, 13 Jun 2024 12:35:18 +0200: Received CMD: 13 (PINGRESP)
Thu, 13 Jun 2024 12:35:18 +0200: Fetching: 0 bytes
Thu, 13 Jun 2024 12:35:29 +0200: not had something in a while so ping
Thu, 13 Jun 2024 12:35:29 +0200: ping sent
Thu, 13 Jun 2024 12:35:29 +0200: Received CMD: 13 (PINGRESP)
Thu, 13 Jun 2024 12:35:29 +0200: Fetching: 0 bytes
Thu, 13 Jun 2024 12:35:40 +0200: not had something in a while so ping
Thu, 13 Jun 2024 12:35:40 +0200: ping sent
Thu, 13 Jun 2024 12:35:40 +0200: Received CMD: 13 (PINGRESP)
Thu, 13 Jun 2024 12:35:40 +0200: Fetching: 0 bytes
Thu, 13 Jun 2024 12:35:51 +0200: not had something in a while so ping
Thu, 13 Jun 2024 12:35:51 +0200: ping sent
Thu, 13 Jun 2024 12:35:51 +0200: Received CMD: 13 (PINGRESP)
Thu, 13 Jun 2024 12:35:51 +0200: Fetching: 0 bytes
Thu, 13 Jun 2024 12:36:02 +0200: not had something in a while so ping
Thu, 13 Jun 2024 12:36:02 +0200: ping sent
Thu, 13 Jun 2024 12:36:02 +0200: Received CMD: 13 (PINGRESP)
Thu, 13 Jun 2024 12:36:02 +0200: Fetching: 0 bytes
Thu, 13 Jun 2024 12:36:13 +0200: not had something in a while so ping
Thu, 13 Jun 2024 12:36:13 +0200: ping sent
Thu, 13 Jun 2024 12:36:13 +0200: Received CMD: 13 (PINGRESP)
Thu, 13 Jun 2024 12:36:13 +0200: Fetching: 0 bytes
Thu, 13 Jun 2024 12:36:24 +0200: not had something in a while so ping
Thu, 13 Jun 2024 12:36:24 +0200: ping sent
Thu, 13 Jun 2024 12:36:24 +0200: Received CMD: 13 (PINGRESP)
Thu, 13 Jun 2024 12:36:24 +0200: Fetching: 0 bytes
Thu, 13 Jun 2024 12:36:35 +0200: not had something in a while so ping
Thu, 13 Jun 2024 12:36:35 +0200: ping sent
Thu, 13 Jun 2024 12:36:35 +0200: Received CMD: 13 (PINGRESP)
Thu, 13 Jun 2024 12:36:35 +0200: Fetching: 0 bytes
Thu, 13 Jun 2024 12:36:46 +0200: not had something in a while so ping
Thu, 13 Jun 2024 12:36:46 +0200: ping sent
Thu, 13 Jun 2024 12:36:46 +0200: Received CMD: 13 (PINGRESP)
Thu, 13 Jun 2024 12:36:46 +0200: Fetching: 0 bytes
Thu, 13 Jun 2024 12:36:57 +0200: not had something in a while so ping
Thu, 13 Jun 2024 12:36:57 +0200: ping sent
Thu, 13 Jun 2024 12:36:57 +0200: Received CMD: 13 (PINGRESP)
Thu, 13 Jun 2024 12:36:57 +0200: Fetching: 0 bytes
Thu, 13 Jun 2024 12:37:08 +0200: not had something in a while so ping
Thu, 13 Jun 2024 12:37:08 +0200: ping sent
Thu, 13 Jun 2024 12:37:08 +0200: Received CMD: 13 (PINGRESP)
Thu, 13 Jun 2024 12:37:08 +0200: Fetching: 0 bytes
Thu, 13 Jun 2024 12:37:19 +0200: not had something in a while so ping
Thu, 13 Jun 2024 12:37:19 +0200: ping sent
Thu, 13 Jun 2024 12:37:19 +0200: Received CMD: 13 (PINGRESP)
Thu, 13 Jun 2024 12:37:19 +0200: Fetching: 0 bytes
Thu, 13 Jun 2024 12:37:30 +0200: not had something in a while so ping
Thu, 13 Jun 2024 12:37:30 +0200: ping sent
Thu, 13 Jun 2024 12:37:30 +0200: Received CMD: 13 (PINGRESP)
Thu, 13 Jun 2024 12:37:30 +0200: Fetching: 0 bytes
Thu, 13 Jun 2024 12:37:41 +0200: not had something in a while so ping
Thu, 13 Jun 2024 12:37:41 +0200: ping sent
Thu, 13 Jun 2024 12:37:41 +0200: Received CMD: 13 (PINGRESP)
Thu, 13 Jun 2024 12:37:41 +0200: Fetching: 0 bytes
Thu, 13 Jun 2024 12:37:52 +0200: not had something in a while so ping
Thu, 13 Jun 2024 12:37:52 +0200: ping sent
Thu, 13 Jun 2024 12:37:52 +0200: Received CMD: 13 (PINGRESP)
Thu, 13 Jun 2024 12:37:52 +0200: Fetching: 0 bytes
Thu, 13 Jun 2024 12:38:03 +0200: not had something in a while so ping
Thu, 13 Jun 2024 12:38:03 +0200: ping sent
Thu, 13 Jun 2024 12:38:03 +0200: Received CMD: 13 (PINGRESP)
Thu, 13 Jun 2024 12:38:03 +0200: Fetching: 0 bytes
Thu, 13 Jun 2024 12:38:14 +0200: not had something in a while so ping
Thu, 13 Jun 2024 12:38:14 +0200: ping sent
Thu, 13 Jun 2024 12:38:14 +0200: Received CMD: 13 (PINGRESP)
Thu, 13 Jun 2024 12:38:14 +0200: Fetching: 0 bytes
Thu, 13 Jun 2024 12:38:25 +0200: not had something in a while so ping
Thu, 13 Jun 2024 12:38:25 +0200: ping sent
Thu, 13 Jun 2024 12:38:25 +0200: Received CMD: 13 (PINGRESP)
Thu, 13 Jun 2024 12:38:25 +0200: Fetching: 0 bytes
Thu, 13 Jun 2024 12:38:36 +0200: not had something in a while so ping
Thu, 13 Jun 2024 12:38:36 +0200: ping sent
Thu, 13 Jun 2024 12:38:36 +0200: Received CMD: 13 (PINGRESP)
Thu, 13 Jun 2024 12:38:36 +0200: Fetching: 0 bytes
Thu, 13 Jun 2024 12:38:47 +0200: not had something in a while so ping
Thu, 13 Jun 2024 12:38:47 +0200: ping sent
Thu, 13 Jun 2024 12:38:47 +0200: Received CMD: 13 (PINGRESP)
Thu, 13 Jun 2024 12:38:47 +0200: Fetching: 0 bytes
Thu, 13 Jun 2024 12:38:58 +0200: not had something in a while so ping
Thu, 13 Jun 2024 12:38:58 +0200: ping sent
Thu, 13 Jun 2024 12:38:58 +0200: Received CMD: 13 (PINGRESP)
Thu, 13 Jun 2024 12:38:58 +0200: Fetching: 0 bytes
Thu, 13 Jun 2024 12:39:09 +0200: not had something in a while so ping
Thu, 13 Jun 2024 12:39:09 +0200: ping sent
Thu, 13 Jun 2024 12:39:09 +0200: Received CMD: 13 (PINGRESP)
Thu, 13 Jun 2024 12:39:09 +0200: Fetching: 0 bytes
Thu, 13 Jun 2024 12:39:20 +0200: not had something in a while so ping
Thu, 13 Jun 2024 12:39:20 +0200: ping sent
Thu, 13 Jun 2024 12:39:20 +0200: Received CMD: 13 (PINGRESP)
Thu, 13 Jun 2024 12:39:20 +0200: Fetching: 0 bytes
Thu, 13 Jun 2024 12:39:31 +0200: not had something in a while so ping
Thu, 13 Jun 2024 12:39:31 +0200: ping sent
Thu, 13 Jun 2024 12:39:31 +0200: Received CMD: 13 (PINGRESP)
Thu, 13 Jun 2024 12:39:31 +0200: Fetching: 0 bytes
Thu, 13 Jun 2024 12:39:42 +0200: not had something in a while so ping
Thu, 13 Jun 2024 12:39:42 +0200: ping sent
Thu, 13 Jun 2024 12:39:42 +0200: Received CMD: 13 (PINGRESP)
Thu, 13 Jun 2024 12:39:42 +0200: Fetching: 0 bytes
Thu, 13 Jun 2024 12:39:53 +0200: not had something in a while so ping
Thu, 13 Jun 2024 12:39:53 +0200: ping sent
Thu, 13 Jun 2024 12:39:53 +0200: Received CMD: 13 (PINGRESP)
Thu, 13 Jun 2024 12:39:53 +0200: Fetching: 0 bytes
Thu, 13 Jun 2024 12:40:04 +0200: not had something in a while so ping
Thu, 13 Jun 2024 12:40:04 +0200: ping sent
Thu, 13 Jun 2024 12:40:04 +0200: Received CMD: 13 (PINGRESP)
Thu, 13 Jun 2024 12:40:04 +0200: Fetching: 0 bytes
Thu, 13 Jun 2024 12:40:15 +0200: not had something in a while so ping
Thu, 13 Jun 2024 12:40:15 +0200: ping sent
Thu, 13 Jun 2024 12:40:15 +0200: Received CMD: 13 (PINGRESP)
Thu, 13 Jun 2024 12:40:15 +0200: Fetching: 0 bytes
Thu, 13 Jun 2024 12:40:26 +0200: not had something in a while so ping
Thu, 13 Jun 2024 12:40:26 +0200: ping sent
Thu, 13 Jun 2024 12:40:26 +0200: Received CMD: 13 (PINGRESP)
Thu, 13 Jun 2024 12:40:26 +0200: Fetching: 0 bytes
Thu, 13 Jun 2024 12:40:37 +0200: not had something in a while so ping
Thu, 13 Jun 2024 12:40:37 +0200: ping sent
Thu, 13 Jun 2024 12:40:37 +0200: Received CMD: 13 (PINGRESP)
Thu, 13 Jun 2024 12:40:37 +0200: Fetching: 0 bytes
Thu, 13 Jun 2024 12:40:48 +0200: not had something in a while so ping
Thu, 13 Jun 2024 12:40:48 +0200: ping sent
Thu, 13 Jun 2024 12:40:48 +0200: Received CMD: 13 (PINGRESP)
Thu, 13 Jun 2024 12:40:48 +0200: Fetching: 0 bytes
Thu, 13 Jun 2024 12:40:59 +0200: not had something in a while so ping
Thu, 13 Jun 2024 12:40:59 +0200: ping sent
Thu, 13 Jun 2024 12:40:59 +0200: Received CMD: 13 (PINGRESP)
Thu, 13 Jun 2024 12:40:59 +0200: Fetching: 0 bytes
Thu, 13 Jun 2024 12:41:10 +0200: not had something in a while so ping
Thu, 13 Jun 2024 12:41:10 +0200: ping sent
Thu, 13 Jun 2024 12:41:10 +0200: Received CMD: 13 (PINGRESP)
Thu, 13 Jun 2024 12:41:10 +0200: Fetching: 0 bytes
Thu, 13 Jun 2024 12:41:21 +0200: not had something in a while so ping
Thu, 13 Jun 2024 12:41:21 +0200: ping sent
Thu, 13 Jun 2024 12:41:21 +0200: Received CMD: 13 (PINGRESP)
Thu, 13 Jun 2024 12:41:21 +0200: Fetching: 0 bytes
Thu, 13 Jun 2024 12:41:32 +0200: not had something in a while so ping
Thu, 13 Jun 2024 12:41:32 +0200: ping sent
Thu, 13 Jun 2024 12:41:32 +0200: Received CMD: 13 (PINGRESP)
Thu, 13 Jun 2024 12:41:32 +0200: Fetching: 0 bytes
Thu, 13 Jun 2024 12:41:43 +0200: not had something in a while so ping
Thu, 13 Jun 2024 12:41:43 +0200: ping sent
Thu, 13 Jun 2024 12:41:43 +0200: Received CMD: 13 (PINGRESP)
Thu, 13 Jun 2024 12:41:43 +0200: Fetching: 0 bytes
Thu, 13 Jun 2024 12:41:54 +0200: not had something in a while so ping
Thu, 13 Jun 2024 12:41:54 +0200: ping sent
Thu, 13 Jun 2024 12:41:54 +0200: Received CMD: 13 (PINGRESP)
Thu, 13 Jun 2024 12:41:54 +0200: Fetching: 0 bytes
Thu, 13 Jun 2024 12:42:05 +0200: not had something in a while so ping
Thu, 13 Jun 2024 12:42:05 +0200: ping sent
Thu, 13 Jun 2024 12:42:05 +0200: Received CMD: 13 (PINGRESP)
Thu, 13 Jun 2024 12:42:05 +0200: Fetching: 0 bytes
Thu, 13 Jun 2024 12:42:16 +0200: not had something in a while so ping
Thu, 13 Jun 2024 12:42:16 +0200: ping sent
Thu, 13 Jun 2024 12:42:16 +0200: Received CMD: 13 (PINGRESP)
Thu, 13 Jun 2024 12:42:16 +0200: Fetching: 0 bytes
Thu, 13 Jun 2024 12:42:27 +0200: not had something in a while so ping
Thu, 13 Jun 2024 12:42:27 +0200: ping sent
Thu, 13 Jun 2024 12:42:27 +0200: Received CMD: 13 (PINGRESP)
Thu, 13 Jun 2024 12:42:27 +0200: Fetching: 0 bytes
Thu, 13 Jun 2024 12:42:38 +0200: not had something in a while so ping
Thu, 13 Jun 2024 12:42:38 +0200: ping sent
Thu, 13 Jun 2024 12:42:38 +0200: Received CMD: 13 (PINGRESP)
Thu, 13 Jun 2024 12:42:38 +0200: Fetching: 0 bytes
Thu, 13 Jun 2024 12:42:49 +0200: not had something in a while so ping
Thu, 13 Jun 2024 12:42:49 +0200: ping sent
Thu, 13 Jun 2024 12:42:49 +0200: Received CMD: 13 (PINGRESP)
Thu, 13 Jun 2024 12:42:49 +0200: Fetching: 0 bytes
Thu, 13 Jun 2024 12:43:00 +0200: not had something in a while so ping
Thu, 13 Jun 2024 12:43:00 +0200: ping sent
Thu, 13 Jun 2024 12:43:00 +0200: Received CMD: 13 (PINGRESP)
Thu, 13 Jun 2024 12:43:00 +0200: Fetching: 0 bytes
Thu, 13 Jun 2024 12:43:11 +0200: not had something in a while so ping
Thu, 13 Jun 2024 12:43:11 +0200: ping sent
Thu, 13 Jun 2024 12:43:11 +0200: Received CMD: 13 (PINGRESP)
Thu, 13 Jun 2024 12:43:11 +0200: Fetching: 0 bytes
Thu, 13 Jun 2024 12:43:22 +0200: not had something in a while so ping
Thu, 13 Jun 2024 12:43:22 +0200: ping sent
Thu, 13 Jun 2024 12:43:22 +0200: Received CMD: 13 (PINGRESP)
Thu, 13 Jun 2024 12:43:22 +0200: Fetching: 0 bytes
Thu, 13 Jun 2024 12:43:33 +0200: not had something in a while so ping
Thu, 13 Jun 2024 12:43:33 +0200: ping sent
Thu, 13 Jun 2024 12:43:33 +0200: Received CMD: 13 (PINGRESP)
Thu, 13 Jun 2024 12:43:33 +0200: Fetching: 0 bytes
Thu, 13 Jun 2024 12:43:44 +0200: not had something in a while so ping
Thu, 13 Jun 2024 12:43:44 +0200: ping sent
Thu, 13 Jun 2024 12:43:44 +0200: Received CMD: 13 (PINGRESP)
Thu, 13 Jun 2024 12:43:44 +0200: Fetching: 0 bytes
Thu, 13 Jun 2024 12:43:55 +0200: not had something in a while so ping
Thu, 13 Jun 2024 12:43:55 +0200: ping sent
Thu, 13 Jun 2024 12:43:55 +0200: Received CMD: 13 (PINGRESP)
Thu, 13 Jun 2024 12:43:55 +0200: Fetching: 0 bytes
Thu, 13 Jun 2024 12:44:06 +0200: not had something in a while so ping
Thu, 13 Jun 2024 12:44:06 +0200: ping sent
Thu, 13 Jun 2024 12:44:06 +0200: Received CMD: 13 (PINGRESP)
Thu, 13 Jun 2024 12:44:06 +0200: Fetching: 0 bytes
Thu, 13 Jun 2024 12:44:17 +0200: not had something in a while so ping
Thu, 13 Jun 2024 12:44:17 +0200: ping sent
Thu, 13 Jun 2024 12:44:17 +0200: Received CMD: 13 (PINGRESP)
Thu, 13 Jun 2024 12:44:17 +0200: Fetching: 0 bytes
Thu, 13 Jun 2024 12:44:28 +0200: not had something in a while so ping
Thu, 13 Jun 2024 12:44:28 +0200: ping sent
Thu, 13 Jun 2024 12:44:28 +0200: Received CMD: 13 (PINGRESP)
Thu, 13 Jun 2024 12:44:28 +0200: Fetching: 0 bytes
Thu, 13 Jun 2024 12:44:39 +0200: not had something in a while so ping
Thu, 13 Jun 2024 12:44:39 +0200: ping sent
Thu, 13 Jun 2024 12:44:39 +0200: Received CMD: 13 (PINGRESP)
Thu, 13 Jun 2024 12:44:39 +0200: Fetching: 0 bytes
Thu, 13 Jun 2024 12:44:50 +0200: not had something in a while so ping
Thu, 13 Jun 2024 12:44:50 +0200: ping sent
Thu, 13 Jun 2024 12:44:50 +0200: Received CMD: 13 (PINGRESP)
Thu, 13 Jun 2024 12:44:50 +0200: Fetching: 0 bytes
Thu, 13 Jun 2024 12:45:01 +0200: not had something in a while so ping
Thu, 13 Jun 2024 12:45:01 +0200: ping sent
Thu, 13 Jun 2024 12:45:01 +0200: Received CMD: 13 (PINGRESP)
Thu, 13 Jun 2024 12:45:01 +0200: Fetching: 0 bytes
Thu, 13 Jun 2024 12:45:12 +0200: not had something in a while so ping
Thu, 13 Jun 2024 12:45:12 +0200: ping sent
Thu, 13 Jun 2024 12:45:12 +0200: Received CMD: 13 (PINGRESP)
Thu, 13 Jun 2024 12:45:12 +0200: Fetching: 0 bytes
Thu, 13 Jun 2024 12:45:23 +0200: not had something in a while so ping
Thu, 13 Jun 2024 12:45:23 +0200: ping sent
Thu, 13 Jun 2024 12:45:23 +0200: Received CMD: 13 (PINGRESP)
Thu, 13 Jun 2024 12:45:23 +0200: Fetching: 0 bytes
Thu, 13 Jun 2024 12:45:34 +0200: not had something in a while so ping
Thu, 13 Jun 2024 12:45:34 +0200: ping sent
Thu, 13 Jun 2024 12:45:34 +0200: Received CMD: 13 (PINGRESP)
Thu, 13 Jun 2024 12:45:34 +0200: Fetching: 0 bytes
Thu, 13 Jun 2024 12:45:45 +0200: not had something in a while so ping
Thu, 13 Jun 2024 12:45:45 +0200: ping sent
Thu, 13 Jun 2024 12:45:45 +0200: Received CMD: 13 (PINGRESP)
Thu, 13 Jun 2024 12:45:45 +0200: Fetching: 0 bytes
Thu, 13 Jun 2024 12:45:56 +0200: not had something in a while so ping
Thu, 13 Jun 2024 12:45:56 +0200: ping sent
Thu, 13 Jun 2024 12:45:56 +0200: Received CMD: 13 (PINGRESP)
Thu, 13 Jun 2024 12:45:56 +0200: Fetching: 0 bytes
Thu, 13 Jun 2024 12:46:07 +0200: not had something in a while so ping
Thu, 13 Jun 2024 12:46:07 +0200: ping sent
Thu, 13 Jun 2024 12:46:07 +0200: Received CMD: 13 (PINGRESP)
Thu, 13 Jun 2024 12:46:07 +0200: Fetching: 0 bytes
Thu, 13 Jun 2024 12:46:18 +0200: not had something in a while so ping
Thu, 13 Jun 2024 12:46:18 +0200: ping sent
Thu, 13 Jun 2024 12:46:18 +0200: Received CMD: 13 (PINGRESP)
Thu, 13 Jun 2024 12:46:18 +0200: Fetching: 0 bytes
Thu, 13 Jun 2024 12:46:29 +0200: not had something in a while so ping
Thu, 13 Jun 2024 12:46:29 +0200: ping sent
Thu, 13 Jun 2024 12:46:29 +0200: Received CMD: 13 (PINGRESP)
Thu, 13 Jun 2024 12:46:29 +0200: Fetching: 0 bytes
Thu, 13 Jun 2024 12:46:40 +0200: not had something in a while so ping
Thu, 13 Jun 2024 12:46:40 +0200: ping sent
Thu, 13 Jun 2024 12:46:40 +0200: Received CMD: 13 (PINGRESP)
Thu, 13 Jun 2024 12:46:40 +0200: Fetching: 0 bytes
Thu, 13 Jun 2024 12:46:51 +0200: not had something in a while so ping
Thu, 13 Jun 2024 12:46:51 +0200: ping sent
Thu, 13 Jun 2024 12:46:51 +0200: Received CMD: 13 (PINGRESP)
Thu, 13 Jun 2024 12:46:51 +0200: Fetching: 0 bytes
Thu, 13 Jun 2024 12:47:02 +0200: not had something in a while so ping
Thu, 13 Jun 2024 12:47:02 +0200: ping sent
Thu, 13 Jun 2024 12:47:02 +0200: Received CMD: 13 (PINGRESP)
Thu, 13 Jun 2024 12:47:02 +0200: Fetching: 0 bytes
Thu, 13 Jun 2024 12:47:13 +0200: not had something in a while so ping
Thu, 13 Jun 2024 12:47:13 +0200: ping sent
Thu, 13 Jun 2024 12:47:13 +0200: Received CMD: 13 (PINGRESP)
Thu, 13 Jun 2024 12:47:13 +0200: Fetching: 0 bytes
Thu, 13 Jun 2024 12:47:24 +0200: not had something in a while so ping
Thu, 13 Jun 2024 12:47:24 +0200: ping sent
Thu, 13 Jun 2024 12:47:24 +0200: Received CMD: 13 (PINGRESP)
Thu, 13 Jun 2024 12:47:24 +0200: Fetching: 0 bytes
Thu, 13 Jun 2024 12:47:35 +0200: not had something in a while so ping
Thu, 13 Jun 2024 12:47:35 +0200: ping sent
Thu, 13 Jun 2024 12:47:35 +0200: Received CMD: 13 (PINGRESP)
Thu, 13 Jun 2024 12:47:35 +0200: Fetching: 0 bytes
Thu, 13 Jun 2024 12:47:46 +0200: not had something in a while so ping
Thu, 13 Jun 2024 12:47:46 +0200: ping sent
Thu, 13 Jun 2024 12:47:46 +0200: Received CMD: 13 (PINGRESP)
Thu, 13 Jun 2024 12:47:46 +0200: Fetching: 0 bytes
Thu, 13 Jun 2024 12:47:57 +0200: not had something in a while so ping
Thu, 13 Jun 2024 12:47:57 +0200: ping sent
Thu, 13 Jun 2024 12:47:57 +0200: Received CMD: 13 (PINGRESP)
Thu, 13 Jun 2024 12:47:57 +0200: Fetching: 0 bytes
Thu, 13 Jun 2024 12:48:08 +0200: not had something in a while so ping
Thu, 13 Jun 2024 12:48:08 +0200: ping sent
Thu, 13 Jun 2024 12:48:08 +0200: Received CMD: 13 (PINGRESP)
Thu, 13 Jun 2024 12:48:08 +0200: Fetching: 0 bytes
Thu, 13 Jun 2024 12:48:19 +0200: not had something in a while so ping
Thu, 13 Jun 2024 12:48:19 +0200: ping sent
Thu, 13 Jun 2024 12:48:19 +0200: Received CMD: 13 (PINGRESP)
Thu, 13 Jun 2024 12:48:19 +0200: Fetching: 0 bytes
Thu, 13 Jun 2024 12:48:30 +0200: not had something in a while so ping
Thu, 13 Jun 2024 12:48:30 +0200: ping sent
Thu, 13 Jun 2024 12:48:30 +0200: Received CMD: 13 (PINGRESP)
Thu, 13 Jun 2024 12:48:30 +0200: Fetching: 0 bytes
Thu, 13 Jun 2024 12:48:41 +0200: not had something in a while so ping
Thu, 13 Jun 2024 12:48:41 +0200: ping sent
Thu, 13 Jun 2024 12:48:41 +0200: Received CMD: 13 (PINGRESP)
Thu, 13 Jun 2024 12:48:41 +0200: Fetching: 0 bytes
Thu, 13 Jun 2024 12:48:52 +0200: not had something in a while so ping
Thu, 13 Jun 2024 12:48:52 +0200: ping sent
Thu, 13 Jun 2024 12:48:52 +0200: Received CMD: 13 (PINGRESP)
Thu, 13 Jun 2024 12:48:52 +0200: Fetching: 0 bytes
Thu, 13 Jun 2024 12:49:03 +0200: not had something in a while so ping
Thu, 13 Jun 2024 12:49:03 +0200: ping sent
Thu, 13 Jun 2024 12:49:03 +0200: Received CMD: 13 (PINGRESP)
Thu, 13 Jun 2024 12:49:03 +0200: Fetching: 0 bytes
Thu, 13 Jun 2024 12:49:14 +0200: not had something in a while so ping
Thu, 13 Jun 2024 12:49:14 +0200: ping sent
Thu, 13 Jun 2024 12:49:14 +0200: Received CMD: 13 (PINGRESP)
Thu, 13 Jun 2024 12:49:14 +0200: Fetching: 0 bytes
Thu, 13 Jun 2024 12:49:25 +0200: not had something in a while so ping
Thu, 13 Jun 2024 12:49:25 +0200: ping sent
Thu, 13 Jun 2024 12:49:25 +0200: Received CMD: 13 (PINGRESP)
Thu, 13 Jun 2024 12:49:25 +0200: Fetching: 0 bytes
Thu, 13 Jun 2024 12:49:36 +0200: not had something in a while so ping
Thu, 13 Jun 2024 12:49:36 +0200: ping sent
Thu, 13 Jun 2024 12:49:36 +0200: Received CMD: 13 (PINGRESP)
Thu, 13 Jun 2024 12:49:36 +0200: Fetching: 0 bytes
Thu, 13 Jun 2024 12:49:47 +0200: not had something in a while so ping
Thu, 13 Jun 2024 12:49:47 +0200: ping sent
Thu, 13 Jun 2024 12:49:47 +0200: Received CMD: 13 (PINGRESP)
Thu, 13 Jun 2024 12:49:47 +0200: Fetching: 0 bytes
Thu, 13 Jun 2024 12:49:58 +0200: not had something in a while so ping
Thu, 13 Jun 2024 12:49:58 +0200: ping sent
Thu, 13 Jun 2024 12:49:58 +0200: Received CMD: 13 (PINGRESP)
Thu, 13 Jun 2024 12:49:58 +0200: Fetching: 0 bytes
Thu, 13 Jun 2024 12:50:09 +0200: not had something in a while so ping
Thu, 13 Jun 2024 12:50:09 +0200: ping sent
Thu, 13 Jun 2024 12:50:09 +0200: Received CMD: 13 (PINGRESP)
Thu, 13 Jun 2024 12:50:09 +0200: Fetching: 0 bytes
Thu, 13 Jun 2024 12:50:20 +0200: not had something in a while so ping
Thu, 13 Jun 2024 12:50:20 +0200: ping sent
Thu, 13 Jun 2024 12:50:20 +0200: Received CMD: 13 (PINGRESP)
Thu, 13 Jun 2024 12:50:20 +0200: Fetching: 0 bytes
Thu, 13 Jun 2024 12:50:31 +0200: not had something in a while so ping
Thu, 13 Jun 2024 12:50:31 +0200: ping sent
Thu, 13 Jun 2024 12:50:31 +0200: Received CMD: 13 (PINGRESP)
Thu, 13 Jun 2024 12:50:31 +0200: Fetching: 0 bytes
Thu, 13 Jun 2024 12:50:42 +0200: not had something in a while so ping
Thu, 13 Jun 2024 12:50:42 +0200: ping sent
Thu, 13 Jun 2024 12:50:42 +0200: Received CMD: 13 (PINGRESP)
Thu, 13 Jun 2024 12:50:42 +0200: Fetching: 0 bytes
Thu, 13 Jun 2024 12:50:53 +0200: not had something in a while so ping
Thu, 13 Jun 2024 12:50:53 +0200: ping sent
Thu, 13 Jun 2024 12:50:53 +0200: Received CMD: 13 (PINGRESP)
Thu, 13 Jun 2024 12:50:53 +0200: Fetching: 0 bytes
Thu, 13 Jun 2024 12:51:04 +0200: not had something in a while so ping
Thu, 13 Jun 2024 12:51:04 +0200: ping sent
Thu, 13 Jun 2024 12:51:04 +0200: Received CMD: 13 (PINGRESP)
Thu, 13 Jun 2024 12:51:04 +0200: Fetching: 0 bytes
Thu, 13 Jun 2024 12:51:15 +0200: not had something in a while so ping
Thu, 13 Jun 2024 12:51:15 +0200: ping sent
Thu, 13 Jun 2024 12:51:15 +0200: Received CMD: 13 (PINGRESP)
Thu, 13 Jun 2024 12:51:15 +0200: Fetching: 0 bytes
Thu, 13 Jun 2024 12:51:26 +0200: not had something in a while so ping
Thu, 13 Jun 2024 12:51:26 +0200: ping sent
Thu, 13 Jun 2024 12:51:26 +0200: Received CMD: 13 (PINGRESP)
Thu, 13 Jun 2024 12:51:26 +0200: Fetching: 0 bytes
Thu, 13 Jun 2024 12:51:37 +0200: not had something in a while so ping
Thu, 13 Jun 2024 12:51:37 +0200: ping sent
Thu, 13 Jun 2024 12:51:37 +0200: Received CMD: 13 (PINGRESP)
Thu, 13 Jun 2024 12:51:37 +0200: Fetching: 0 bytes
Thu, 13 Jun 2024 12:51:48 +0200: not had something in a while so ping
Thu, 13 Jun 2024 12:51:48 +0200: ping sent
Thu, 13 Jun 2024 12:51:48 +0200: Received CMD: 13 (PINGRESP)
Thu, 13 Jun 2024 12:51:48 +0200: Fetching: 0 bytes
Thu, 13 Jun 2024 12:51:59 +0200: not had something in a while so ping
Thu, 13 Jun 2024 12:51:59 +0200: ping sent
Thu, 13 Jun 2024 12:51:59 +0200: Received CMD: 13 (PINGRESP)
Thu, 13 Jun 2024 12:51:59 +0200: Fetching: 0 bytes
Thu, 13 Jun 2024 12:52:10 +0200: not had something in a while so ping
Thu, 13 Jun 2024 12:52:10 +0200: ping sent
Thu, 13 Jun 2024 12:52:10 +0200: Received CMD: 13 (PINGRESP)
Thu, 13 Jun 2024 12:52:10 +0200: Fetching: 0 bytes
Thu, 13 Jun 2024 12:52:21 +0200: not had something in a while so ping
Thu, 13 Jun 2024 12:52:21 +0200: ping sent
Thu, 13 Jun 2024 12:52:21 +0200: Received CMD: 13 (PINGRESP)
Thu, 13 Jun 2024 12:52:21 +0200: Fetching: 0 bytes
Thu, 13 Jun 2024 12:52:32 +0200: not had something in a while so ping
Thu, 13 Jun 2024 12:52:32 +0200: ping sent
Thu, 13 Jun 2024 12:52:32 +0200: Received CMD: 13 (PINGRESP)
Thu, 13 Jun 2024 12:52:32 +0200: Fetching: 0 bytes
Thu, 13 Jun 2024 12:52:43 +0200: not had something in a while so ping
Thu, 13 Jun 2024 12:52:43 +0200: ping sent
Thu, 13 Jun 2024 12:52:43 +0200: Received CMD: 13 (PINGRESP)
Thu, 13 Jun 2024 12:52:43 +0200: Fetching: 0 bytes
Thu, 13 Jun 2024 12:52:54 +0200: not had something in a while so ping
Thu, 13 Jun 2024 12:52:54 +0200: ping sent
Thu, 13 Jun 2024 12:52:54 +0200: Received CMD: 13 (PINGRESP)
Thu, 13 Jun 2024 12:52:54 +0200: Fetching: 0 bytes
Thu, 13 Jun 2024 12:53:05 +0200: not had something in a while so ping
Thu, 13 Jun 2024 12:53:05 +0200: ping sent
Thu, 13 Jun 2024 12:53:05 +0200: Received CMD: 13 (PINGRESP)
Thu, 13 Jun 2024 12:53:05 +0200: Fetching: 0 bytes
Thu, 13 Jun 2024 12:53:16 +0200: not had something in a while so ping
Thu, 13 Jun 2024 12:53:16 +0200: ping sent
Thu, 13 Jun 2024 12:53:16 +0200: Received CMD: 13 (PINGRESP)
Thu, 13 Jun 2024 12:53:16 +0200: Fetching: 0 bytes
Thu, 13 Jun 2024 12:53:27 +0200: not had something in a while so ping
Thu, 13 Jun 2024 12:53:27 +0200: ping sent
Thu, 13 Jun 2024 12:53:27 +0200: Received CMD: 13 (PINGRESP)
Thu, 13 Jun 2024 12:53:27 +0200: Fetching: 0 bytes
Thu, 13 Jun 2024 12:53:38 +0200: not had something in a while so ping
Thu, 13 Jun 2024 12:53:38 +0200: ping sent
Thu, 13 Jun 2024 12:53:38 +0200: Received CMD: 13 (PINGRESP)
Thu, 13 Jun 2024 12:53:38 +0200: Fetching: 0 bytes
Thu, 13 Jun 2024 12:53:49 +0200: not had something in a while so ping
Thu, 13 Jun 2024 12:53:49 +0200: ping sent
Thu, 13 Jun 2024 12:53:49 +0200: Received CMD: 13 (PINGRESP)
Thu, 13 Jun 2024 12:53:49 +0200: Fetching: 0 bytes
Thu, 13 Jun 2024 12:54:00 +0200: not had something in a while so ping
Thu, 13 Jun 2024 12:54:00 +0200: ping sent
Thu, 13 Jun 2024 12:54:00 +0200: Received CMD: 13 (PINGRESP)
Thu, 13 Jun 2024 12:54:00 +0200: Fetching: 0 bytes
Thu, 13 Jun 2024 12:54:11 +0200: not had something in a while so ping
Thu, 13 Jun 2024 12:54:11 +0200: ping sent
Thu, 13 Jun 2024 12:54:11 +0200: Received CMD: 13 (PINGRESP)
Thu, 13 Jun 2024 12:54:11 +0200: Fetching: 0 bytes
Thu, 13 Jun 2024 12:54:22 +0200: not had something in a while so ping
Thu, 13 Jun 2024 12:54:22 +0200: ping sent
Thu, 13 Jun 2024 12:54:22 +0200: Received CMD: 13 (PINGRESP)
Thu, 13 Jun 2024 12:54:22 +0200: Fetching: 0 bytes
Thu, 13 Jun 2024 12:54:33 +0200: not had something in a while so ping
Thu, 13 Jun 2024 12:54:33 +0200: ping sent
Thu, 13 Jun 2024 12:54:33 +0200: Received CMD: 13 (PINGRESP)
Thu, 13 Jun 2024 12:54:33 +0200: Fetching: 0 bytes
Thu, 13 Jun 2024 12:54:44 +0200: not had something in a while so ping
Thu, 13 Jun 2024 12:54:44 +0200: ping sent
Thu, 13 Jun 2024 12:54:44 +0200: Received CMD: 13 (PINGRESP)
Thu, 13 Jun 2024 12:54:44 +0200: Fetching: 0 bytes
Thu, 13 Jun 2024 12:54:55 +0200: not had something in a while so ping
Thu, 13 Jun 2024 12:54:55 +0200: ping sent
Thu, 13 Jun 2024 12:54:55 +0200: Received CMD: 13 (PINGRESP)
Thu, 13 Jun 2024 12:54:55 +0200: Fetching: 0 bytes
Thu, 13 Jun 2024 12:55:06 +0200: not had something in a while so ping
Thu, 13 Jun 2024 12:55:06 +0200: ping sent
Thu, 13 Jun 2024 12:55:06 +0200: Received CMD: 13 (PINGRESP)
Thu, 13 Jun 2024 12:55:06 +0200: Fetching: 0 bytes
Thu, 13 Jun 2024 12:55:10 +0200: eof receive going to reconnect for good measure
PHP Warning:  stream_socket_client(): unable to connect to tcp://localhost:1883 (Connection refused) in /var/www/html/bbdd/phpMQTT.php on line 150
Error:stream_socket_create() 111, Connection refused
